Using pre-set license
Built from '2021.3/staging' branch; Version is '2021.3.0f1 (6eacc8284459) revision 7253192'; Using compiler version '192829333'; Build Type 'Release'
OS: 'Windows 10  (10.0.19044) 64bit Professional' Language: 'es' Physical Memory: 16332 MB
BatchMode: 1, IsHumanControllingUs: 0, StartBugReporterOnCrash: 0, Is64bit: 1, IsPro: 1

COMMAND LINE ARGUMENTS:
C:\Program Files\Unity\Hub\Editor\2021.3.0f1\Editor\Unity.exe
-adb2
-batchMode
-noUpm
-name
AssetImportWorker2
-projectPath
C:/Users/javi8/OneDrive/Documentos/GitHub/Survival
-logFile
Logs/AssetImportWorker2.log
-srvPort
50864
Successfully changed project path to: C:/Users/javi8/OneDrive/Documentos/GitHub/Survival
C:/Users/javi8/OneDrive/Documentos/GitHub/Survival
[UnityMemory] Configuration Parameters - Can be set up in boot.config
    "memorysetup-bucket-allocator-granularity=16"
    "memorysetup-bucket-allocator-bucket-count=8"
    "memorysetup-bucket-allocator-block-size=33554432"
    "memorysetup-bucket-allocator-block-count=8"
    "memorysetup-main-allocator-block-size=16777216"
    "memorysetup-thread-allocator-block-size=16777216"
    "memorysetup-gfx-main-allocator-block-size=16777216"
    "memorysetup-gfx-thread-allocator-block-size=16777216"
    "memorysetup-cache-allocator-block-size=4194304"
    "memorysetup-typetree-allocator-block-size=2097152"
    "memorysetup-profiler-bucket-allocator-granularity=16"
    "memorysetup-profiler-bucket-allocator-bucket-count=8"
    "memorysetup-profiler-bucket-allocator-block-size=33554432"
    "memorysetup-profiler-bucket-allocator-block-count=8"
    "memorysetup-profiler-allocator-block-size=16777216"
    "memorysetup-profiler-editor-allocator-block-size=1048576"
    "memorysetup-temp-allocator-size-main=16777216"
    "memorysetup-job-temp-allocator-block-size=2097152"
    "memorysetup-job-temp-allocator-block-size-background=1048576"
    "memorysetup-job-temp-allocator-reduction-small-platforms=262144"
    "memorysetup-temp-allocator-size-background-worker=32768"
    "memorysetup-temp-allocator-size-job-worker=262144"
    "memorysetup-temp-allocator-size-preload-manager=33554432"
    "memorysetup-temp-allocator-size-nav-mesh-worker=65536"
    "memorysetup-temp-allocator-size-audio-worker=65536"
    "memorysetup-temp-allocator-size-cloud-worker=32768"
    "memorysetup-temp-allocator-size-gi-baking-worker=262144"
    "memorysetup-temp-allocator-size-gfx=262144"
Refreshing native plugins compatible for Editor in 34.71 ms, found 2 plugins.
Preloading 0 native plugins for Editor in 0.00 ms.
Initialize engine version: 2021.3.0f1 (6eacc8284459)
[Subsystems] Discovering subsystems at path C:/Program Files/Unity/Hub/Editor/2021.3.0f1/Editor/Data/Resources/UnitySubsystems
[Subsystems] Discovering subsystems at path C:/Users/javi8/OneDrive/Documentos/GitHub/Survival/Assets
GfxDevice: creating device client; threaded=0; jobified=0
Direct3D:
    Version:  Direct3D 11.0 [level 11.1]
    Renderer: NVIDIA GeForce GTX 1080 Ti (ID=0x1b06)
    Vendor:   NVIDIA
    VRAM:     11127 MB
    Driver:   31.0.15.1659
Initialize mono
Mono path[0] = 'C:/Program Files/Unity/Hub/Editor/2021.3.0f1/Editor/Data/Managed'
Mono path[1] = 'C:/Program Files/Unity/Hub/Editor/2021.3.0f1/Editor/Data/MonoBleedingEdge/lib/mono/unityjit-win32'
Mono config path = 'C:/Program Files/Unity/Hub/Editor/2021.3.0f1/Editor/Data/MonoBleedingEdge/etc'
Using monoOptions --debugger-agent=transport=dt_socket,embedding=1,server=y,suspend=n,address=127.0.0.1:56116
Begin MonoManager ReloadAssembly
Registering precompiled unity dll's ...
Register platform support module: C:/Program Files/Unity/Hub/Editor/2021.3.0f1/Editor/Data/PlaybackEngines/WindowsStandaloneSupport/UnityEditor.WindowsStandalone.Extensions.dll
Registered in 0.009833 seconds.
Native extension for WindowsStandalone target not found
Refreshing native plugins compatible for Editor in 34.38 ms, found 2 plugins.
Preloading 0 native plugins for Editor in 0.00 ms.
Mono: successfully reloaded assembly
- Completed reload, in  0.677 seconds
Domain Reload Profiling:
	ReloadAssembly (678ms)
		BeginReloadAssembly (90ms)
			ExecutionOrderSort (0ms)
			DisableScriptedObjects (0ms)
			BackupInstance (0ms)
			ReleaseScriptingObjects (0ms)
			CreateAndSetChildDomain (1ms)
		EndReloadAssembly (457ms)
			LoadAssemblies (86ms)
			RebuildTransferFunctionScriptingTraits (0ms)
			SetupTypeCache (108ms)
			ReleaseScriptCaches (0ms)
			RebuildScriptCaches (33ms)
			SetupLoadedEditorAssemblies (260ms)
				LogAssemblyErrors (0ms)
				InitializePlatformSupportModulesInManaged (9ms)
				SetLoadedEditorAssemblies (0ms)
				RefreshPlugins (34ms)
				BeforeProcessingInitializeOnLoad (2ms)
				ProcessInitializeOnLoadAttributes (164ms)
				ProcessInitializeOnLoadMethodAttributes (50ms)
				AfterProcessingInitializeOnLoad (0ms)
				EditorAssembliesLoaded (0ms)
			ExecutionOrderSort2 (0ms)
			AwakeInstancesAfterBackupRestoration (0ms)
Platform modules already initialized, skipping
Registering precompiled user dll's ...
Registered in 0.003341 seconds.
Begin MonoManager ReloadAssembly
Symbol file LoadedFromMemory is not a mono symbol file
Native extension for WindowsStandalone target not found
Refreshing native plugins compatible for Editor in 0.33 ms, found 2 plugins.
Preloading 0 native plugins for Editor in 0.00 ms.
Mono: successfully reloaded assembly
- Completed reload, in  0.946 seconds
Domain Reload Profiling:
	ReloadAssembly (947ms)
		BeginReloadAssembly (124ms)
			ExecutionOrderSort (0ms)
			DisableScriptedObjects (7ms)
			BackupInstance (0ms)
			ReleaseScriptingObjects (0ms)
			CreateAndSetChildDomain (19ms)
		EndReloadAssembly (697ms)
			LoadAssemblies (95ms)
			RebuildTransferFunctionScriptingTraits (0ms)
			SetupTypeCache (173ms)
			ReleaseScriptCaches (0ms)
			RebuildScriptCaches (53ms)
			SetupLoadedEditorAssemblies (340ms)
				LogAssemblyErrors (0ms)
				InitializePlatformSupportModulesInManaged (7ms)
				SetLoadedEditorAssemblies (1ms)
				RefreshPlugins (0ms)
				BeforeProcessingInitializeOnLoad (66ms)
				ProcessInitializeOnLoadAttributes (227ms)
				ProcessInitializeOnLoadMethodAttributes (28ms)
				AfterProcessingInitializeOnLoad (11ms)
				EditorAssembliesLoaded (0ms)
			ExecutionOrderSort2 (0ms)
			AwakeInstancesAfterBackupRestoration (6ms)
Platform modules already initialized, skipping
========================================================================
Worker process is ready to serve import requests
Launched and connected shader compiler UnityShaderCompiler.exe after 0.04 seconds
Refreshing native plugins compatible for Editor in 0.33 ms, found 2 plugins.
Preloading 0 native plugins for Editor in 0.00 ms.
Unloading 1711 Unused Serialized files (Serialized files now loaded: 0)
Unloading 16 unused Assets / (57.1 KB). Loaded Objects now: 2186.
Memory consumption went from 78.7 MB to 78.6 MB.
Total: 2.785900 ms (FindLiveObjects: 0.166300 ms CreateObjectMapping: 0.039200 ms MarkObjects: 2.493600 ms  DeleteObjects: 0.085700 ms)

AssetImportParameters requested are different than current active one (requested -> active):
  custom:video-decoder-ogg-theora: a1e56fd34408186e4bbccfd4996cb3dc -> 
  custom:container-muxer-webm: aa71ff27fc2769a1b78a27578f13a17b -> 
  custom:container-demuxer-webm: 4f35f7cbe854078d1ac9338744f61a02 -> 
  custom:video-encoder-webm-vp8: eb34c28f22e8b96e1ab97ce403110664 -> 
  custom:audio-encoder-webm-vorbis: bf7c407c2cedff20999df2af8eb42d56 -> 
  custom:framework-win-MediaFoundation: 216162199b28c13a410421893ffa2e32 -> 
  custom:container-demuxer-ogg: 62fdf1f143b41e24485cea50d1cbac27 -> 
  custom:video-decoder-webm-vp8: 9c59270c3fd7afecdb556c50c9e8de78 -> 
  custom:audio-decoder-ogg-vorbis: bf7c407c2cedff20999df2af8eb42d56 -> 
========================================================================
Received Import Request.
  Time since last request: 3749.427112 seconds.
  path: Assets/ScriptableObject/Ring Menu/Main Ring.asset
  artifactKey: Guid(1dc29b7a3a0bceb4396a9d8192e093bf) Importer(815301076,1909f56bfc062723c751e8b465ee728b)
Start importing Assets/ScriptableObject/Ring Menu/Main Ring.asset using Guid(1dc29b7a3a0bceb4396a9d8192e093bf) Importer(815301076,1909f56bfc062723c751e8b465ee728b)  -> (artifact id: '98e535612536ea34a3e4a7de24a467e6') in 0.026026 seconds 
========================================================================
Received Prepare
Registering precompiled user dll's ...
Registered in 0.002969 seconds.
Begin MonoManager ReloadAssembly
Symbol file LoadedFromMemory is not a mono symbol file
Native extension for WindowsStandalone target not found
Refreshing native plugins compatible for Editor in 0.45 ms, found 2 plugins.
Preloading 0 native plugins for Editor in 0.00 ms.
Mono: successfully reloaded assembly
- Completed reload, in  0.942 seconds
Domain Reload Profiling:
	ReloadAssembly (943ms)
		BeginReloadAssembly (139ms)
			ExecutionOrderSort (0ms)
			DisableScriptedObjects (7ms)
			BackupInstance (0ms)
			ReleaseScriptingObjects (0ms)
			CreateAndSetChildDomain (27ms)
		EndReloadAssembly (695ms)
			LoadAssemblies (96ms)
			RebuildTransferFunctionScriptingTraits (0ms)
			SetupTypeCache (174ms)
			ReleaseScriptCaches (1ms)
			RebuildScriptCaches (44ms)
			SetupLoadedEditorAssemblies (344ms)
				LogAssemblyErrors (0ms)
				InitializePlatformSupportModulesInManaged (14ms)
				SetLoadedEditorAssemblies (1ms)
				RefreshPlugins (0ms)
				BeforeProcessingInitializeOnLoad (57ms)
				ProcessInitializeOnLoadAttributes (230ms)
				ProcessInitializeOnLoadMethodAttributes (30ms)
				AfterProcessingInitializeOnLoad (11ms)
				EditorAssembliesLoaded (0ms)
			ExecutionOrderSort2 (0ms)
			AwakeInstancesAfterBackupRestoration (6ms)
Platform modules already initialized, skipping
Refreshing native plugins compatible for Editor in 1.33 ms, found 2 plugins.
Preloading 0 native plugins for Editor in 0.00 ms.
Unloading 1686 Unused Serialized files (Serialized files now loaded: 0)
Unloading 9 unused Assets / (24.7 KB). Loaded Objects now: 2189.
Memory consumption went from 76.6 MB to 76.6 MB.
Total: 3.114600 ms (FindLiveObjects: 0.185200 ms CreateObjectMapping: 0.046100 ms MarkObjects: 2.848900 ms  DeleteObjects: 0.032200 ms)

AssetImportParameters requested are different than current active one (requested -> active):
  custom:video-decoder-ogg-theora: a1e56fd34408186e4bbccfd4996cb3dc -> 
  custom:container-muxer-webm: aa71ff27fc2769a1b78a27578f13a17b -> 
  custom:container-demuxer-webm: 4f35f7cbe854078d1ac9338744f61a02 -> 
  custom:video-encoder-webm-vp8: eb34c28f22e8b96e1ab97ce403110664 -> 
  custom:audio-encoder-webm-vorbis: bf7c407c2cedff20999df2af8eb42d56 -> 
  custom:framework-win-MediaFoundation: 216162199b28c13a410421893ffa2e32 -> 
  custom:container-demuxer-ogg: 62fdf1f143b41e24485cea50d1cbac27 -> 
  custom:video-decoder-webm-vp8: 9c59270c3fd7afecdb556c50c9e8de78 -> 
  custom:audio-decoder-ogg-vorbis: bf7c407c2cedff20999df2af8eb42d56 -> 
========================================================================
Received Import Request.
  Time since last request: 34.570720 seconds.
  path: Assets/Prefabs/UI/Main Ring.prefab
  artifactKey: Guid(1b6bf255acffc7a4ea78aa29a12a7d44) Importer(815301076,1909f56bfc062723c751e8b465ee728b)
Start importing Assets/Prefabs/UI/Main Ring.prefab using Guid(1b6bf255acffc7a4ea78aa29a12a7d44) Importer(815301076,1909f56bfc062723c751e8b465ee728b)  -> (artifact id: 'fde930b623db021ae96dc943653aceab') in 0.036595 seconds 
========================================================================
Received Prepare
Registering precompiled user dll's ...
Registered in 0.003214 seconds.
Begin MonoManager ReloadAssembly
Symbol file LoadedFromMemory is not a mono symbol file
Native extension for WindowsStandalone target not found
Refreshing native plugins compatible for Editor in 0.34 ms, found 2 plugins.
Preloading 0 native plugins for Editor in 0.00 ms.
Mono: successfully reloaded assembly
- Completed reload, in  0.947 seconds
Domain Reload Profiling:
	ReloadAssembly (948ms)
		BeginReloadAssembly (131ms)
			ExecutionOrderSort (0ms)
			DisableScriptedObjects (8ms)
			BackupInstance (0ms)
			ReleaseScriptingObjects (0ms)
			CreateAndSetChildDomain (28ms)
		EndReloadAssembly (706ms)
			LoadAssemblies (91ms)
			RebuildTransferFunctionScriptingTraits (0ms)
			SetupTypeCache (180ms)
			ReleaseScriptCaches (1ms)
			RebuildScriptCaches (46ms)
			SetupLoadedEditorAssemblies (347ms)
				LogAssemblyErrors (0ms)
				InitializePlatformSupportModulesInManaged (14ms)
				SetLoadedEditorAssemblies (1ms)
				RefreshPlugins (0ms)
				BeforeProcessingInitializeOnLoad (60ms)
				ProcessInitializeOnLoadAttributes (225ms)
				ProcessInitializeOnLoadMethodAttributes (34ms)
				AfterProcessingInitializeOnLoad (12ms)
				EditorAssembliesLoaded (0ms)
			ExecutionOrderSort2 (0ms)
			AwakeInstancesAfterBackupRestoration (6ms)
Platform modules already initialized, skipping
Refreshing native plugins compatible for Editor in 1.52 ms, found 2 plugins.
Preloading 0 native plugins for Editor in 0.00 ms.
Unloading 1686 Unused Serialized files (Serialized files now loaded: 0)
Unloading 9 unused Assets / (24.7 KB). Loaded Objects now: 2192.
Memory consumption went from 76.6 MB to 76.6 MB.
Total: 3.105300 ms (FindLiveObjects: 0.168100 ms CreateObjectMapping: 0.041400 ms MarkObjects: 2.877200 ms  DeleteObjects: 0.017000 ms)

AssetImportParameters requested are different than current active one (requested -> active):
  custom:video-decoder-ogg-theora: a1e56fd34408186e4bbccfd4996cb3dc -> 
  custom:container-muxer-webm: aa71ff27fc2769a1b78a27578f13a17b -> 
  custom:container-demuxer-webm: 4f35f7cbe854078d1ac9338744f61a02 -> 
  custom:video-encoder-webm-vp8: eb34c28f22e8b96e1ab97ce403110664 -> 
  custom:audio-encoder-webm-vorbis: bf7c407c2cedff20999df2af8eb42d56 -> 
  custom:framework-win-MediaFoundation: 216162199b28c13a410421893ffa2e32 -> 
  custom:container-demuxer-ogg: 62fdf1f143b41e24485cea50d1cbac27 -> 
  custom:video-decoder-webm-vp8: 9c59270c3fd7afecdb556c50c9e8de78 -> 
  custom:audio-decoder-ogg-vorbis: bf7c407c2cedff20999df2af8eb42d56 -> 
========================================================================
Received Prepare
Registering precompiled user dll's ...
Registered in 0.003821 seconds.
Begin MonoManager ReloadAssembly
Symbol file LoadedFromMemory is not a mono symbol file
Native extension for WindowsStandalone target not found
Refreshing native plugins compatible for Editor in 0.57 ms, found 2 plugins.
Preloading 0 native plugins for Editor in 0.00 ms.
Mono: successfully reloaded assembly
- Completed reload, in  0.984 seconds
Domain Reload Profiling:
	ReloadAssembly (985ms)
		BeginReloadAssembly (143ms)
			ExecutionOrderSort (0ms)
			DisableScriptedObjects (10ms)
			BackupInstance (0ms)
			ReleaseScriptingObjects (0ms)
			CreateAndSetChildDomain (30ms)
		EndReloadAssembly (722ms)
			LoadAssemblies (96ms)
			RebuildTransferFunctionScriptingTraits (0ms)
			SetupTypeCache (183ms)
			ReleaseScriptCaches (1ms)
			RebuildScriptCaches (48ms)
			SetupLoadedEditorAssemblies (356ms)
				LogAssemblyErrors (0ms)
				InitializePlatformSupportModulesInManaged (14ms)
				SetLoadedEditorAssemblies (1ms)
				RefreshPlugins (1ms)
				BeforeProcessingInitializeOnLoad (63ms)
				ProcessInitializeOnLoadAttributes (237ms)
				ProcessInitializeOnLoadMethodAttributes (28ms)
				AfterProcessingInitializeOnLoad (13ms)
				EditorAssembliesLoaded (0ms)
			ExecutionOrderSort2 (0ms)
			AwakeInstancesAfterBackupRestoration (6ms)
Platform modules already initialized, skipping
Refreshing native plugins compatible for Editor in 1.46 ms, found 2 plugins.
Preloading 0 native plugins for Editor in 0.00 ms.
Unloading 1686 Unused Serialized files (Serialized files now loaded: 0)
Unloading 9 unused Assets / (24.6 KB). Loaded Objects now: 2195.
Memory consumption went from 76.6 MB to 76.6 MB.
Total: 2.703200 ms (FindLiveObjects: 0.155500 ms CreateObjectMapping: 0.037700 ms MarkObjects: 2.498000 ms  DeleteObjects: 0.010900 ms)

AssetImportParameters requested are different than current active one (requested -> active):
  custom:video-decoder-ogg-theora: a1e56fd34408186e4bbccfd4996cb3dc -> 
  custom:container-muxer-webm: aa71ff27fc2769a1b78a27578f13a17b -> 
  custom:container-demuxer-webm: 4f35f7cbe854078d1ac9338744f61a02 -> 
  custom:video-encoder-webm-vp8: eb34c28f22e8b96e1ab97ce403110664 -> 
  custom:audio-encoder-webm-vorbis: bf7c407c2cedff20999df2af8eb42d56 -> 
  custom:framework-win-MediaFoundation: 216162199b28c13a410421893ffa2e32 -> 
  custom:container-demuxer-ogg: 62fdf1f143b41e24485cea50d1cbac27 -> 
  custom:video-decoder-webm-vp8: 9c59270c3fd7afecdb556c50c9e8de78 -> 
  custom:audio-decoder-ogg-vorbis: bf7c407c2cedff20999df2af8eb42d56 -> 
========================================================================
Received Prepare
Registering precompiled user dll's ...
Registered in 0.003376 seconds.
Begin MonoManager ReloadAssembly
Symbol file LoadedFromMemory is not a mono symbol file
Native extension for WindowsStandalone target not found
Refreshing native plugins compatible for Editor in 0.35 ms, found 2 plugins.
Preloading 0 native plugins for Editor in 0.00 ms.
Mono: successfully reloaded assembly
- Completed reload, in  0.936 seconds
Domain Reload Profiling:
	ReloadAssembly (937ms)
		BeginReloadAssembly (134ms)
			ExecutionOrderSort (0ms)
			DisableScriptedObjects (7ms)
			BackupInstance (0ms)
			ReleaseScriptingObjects (0ms)
			CreateAndSetChildDomain (27ms)
		EndReloadAssembly (691ms)
			LoadAssemblies (91ms)
			RebuildTransferFunctionScriptingTraits (0ms)
			SetupTypeCache (173ms)
			ReleaseScriptCaches (1ms)
			RebuildScriptCaches (47ms)
			SetupLoadedEditorAssemblies (338ms)
				LogAssemblyErrors (0ms)
				InitializePlatformSupportModulesInManaged (15ms)
				SetLoadedEditorAssemblies (1ms)
				RefreshPlugins (0ms)
				BeforeProcessingInitializeOnLoad (59ms)
				ProcessInitializeOnLoadAttributes (222ms)
				ProcessInitializeOnLoadMethodAttributes (30ms)
				AfterProcessingInitializeOnLoad (12ms)
				EditorAssembliesLoaded (0ms)
			ExecutionOrderSort2 (0ms)
			AwakeInstancesAfterBackupRestoration (6ms)
Platform modules already initialized, skipping
Refreshing native plugins compatible for Editor in 1.40 ms, found 2 plugins.
Preloading 0 native plugins for Editor in 0.00 ms.
Unloading 1686 Unused Serialized files (Serialized files now loaded: 0)
Unloading 9 unused Assets / (24.6 KB). Loaded Objects now: 2198.
Memory consumption went from 76.6 MB to 76.6 MB.
Total: 3.372100 ms (FindLiveObjects: 0.161700 ms CreateObjectMapping: 0.047000 ms MarkObjects: 3.147200 ms  DeleteObjects: 0.014800 ms)

AssetImportParameters requested are different than current active one (requested -> active):
  custom:video-decoder-ogg-theora: a1e56fd34408186e4bbccfd4996cb3dc -> 
  custom:container-muxer-webm: aa71ff27fc2769a1b78a27578f13a17b -> 
  custom:container-demuxer-webm: 4f35f7cbe854078d1ac9338744f61a02 -> 
  custom:video-encoder-webm-vp8: eb34c28f22e8b96e1ab97ce403110664 -> 
  custom:audio-encoder-webm-vorbis: bf7c407c2cedff20999df2af8eb42d56 -> 
  custom:framework-win-MediaFoundation: 216162199b28c13a410421893ffa2e32 -> 
  custom:container-demuxer-ogg: 62fdf1f143b41e24485cea50d1cbac27 -> 
  custom:video-decoder-webm-vp8: 9c59270c3fd7afecdb556c50c9e8de78 -> 
  custom:audio-decoder-ogg-vorbis: bf7c407c2cedff20999df2af8eb42d56 -> 
========================================================================
Received Import Request.
  Time since last request: 1200.966183 seconds.
  path: Assets/Prefabs
  artifactKey: Guid(404061ec1b5ccb14380b1fe0b6c48d39) Importer(815301076,1909f56bfc062723c751e8b465ee728b)
Start importing Assets/Prefabs using Guid(404061ec1b5ccb14380b1fe0b6c48d39) Importer(815301076,1909f56bfc062723c751e8b465ee728b)  -> (artifact id: 'a063a89b7c30b5642488e561a3d07958') in 0.009608 seconds 
========================================================================
Received Import Request.
  Time since last request: 7.656401 seconds.
  path: Assets/Prefabs/Build
  artifactKey: Guid(c929d7b5b9a3ea24f954e4e122a2f111) Importer(815301076,1909f56bfc062723c751e8b465ee728b)
Start importing Assets/Prefabs/Build using Guid(c929d7b5b9a3ea24f954e4e122a2f111) Importer(815301076,1909f56bfc062723c751e8b465ee728b)  -> (artifact id: 'df2d9cb7722941574d332ac35cef37d9') in 0.002141 seconds 
========================================================================
Received Import Request.
  Time since last request: 7.929853 seconds.
  path: Assets/Prefabs/Placeable/Edge
  artifactKey: Guid(4dbbb79951e3dff4f90c029ba33d9ebd) Importer(815301076,1909f56bfc062723c751e8b465ee728b)
Start importing Assets/Prefabs/Placeable/Edge using Guid(4dbbb79951e3dff4f90c029ba33d9ebd) Importer(815301076,1909f56bfc062723c751e8b465ee728b)  -> (artifact id: 'e1d5975787410fdb4bd7c3c65ab19d6b') in 0.006039 seconds 
========================================================================
Received Import Request.
  Time since last request: 27.945669 seconds.
  path: Assets/FBX/Build/Wood Wall.fbx
  artifactKey: Guid(7725e896132f18641b5fdc230ed50825) Importer(815301076,1909f56bfc062723c751e8b465ee728b)
Start importing Assets/FBX/Build/Wood Wall.fbx using Guid(7725e896132f18641b5fdc230ed50825) Importer(815301076,1909f56bfc062723c751e8b465ee728b)  -> (artifact id: '3c511ce649b2c0f31093c67a429bc8d4') in 0.150223 seconds 
========================================================================
Received Import Request.
  Time since last request: 5.155887 seconds.
  path: Assets/FBX/Build/Wood Wall.fbx
  artifactKey: Guid(7725e896132f18641b5fdc230ed50825) Importer(815301076,1909f56bfc062723c751e8b465ee728b)
Start importing Assets/FBX/Build/Wood Wall.fbx using Guid(7725e896132f18641b5fdc230ed50825) Importer(815301076,1909f56bfc062723c751e8b465ee728b)  -> (artifact id: 'ca6f4572f88b8188490d9abf4103f354') in 0.014226 seconds 
========================================================================
Received Import Request.
  Time since last request: 4034.029809 seconds.
  path: Assets/FBX/Build/Wood Wall.fbx
  artifactKey: Guid(7725e896132f18641b5fdc230ed50825) Importer(815301076,1909f56bfc062723c751e8b465ee728b)
Start importing Assets/FBX/Build/Wood Wall.fbx using Guid(7725e896132f18641b5fdc230ed50825) Importer(815301076,1909f56bfc062723c751e8b465ee728b)  -> (artifact id: '3890d10ea2324383364d9e7091f52059') in 0.025731 seconds 
========================================================================
Received Import Request.
  Time since last request: 0.570427 seconds.
  path: Assets/FBX/Build/Wood Floor.fbx
  artifactKey: Guid(5bb03ea8b22f4db45befe9769b0544c9) Importer(815301076,1909f56bfc062723c751e8b465ee728b)
Start importing Assets/FBX/Build/Wood Floor.fbx using Guid(5bb03ea8b22f4db45befe9769b0544c9) Importer(815301076,1909f56bfc062723c751e8b465ee728b)  -> (artifact id: '414227c239dc43a62cf547c728e11c22') in 0.017689 seconds 
========================================================================
Received Import Request.
  Time since last request: 6.329462 seconds.
  path: Assets/FBX/Build/Wood Floor.fbx
  artifactKey: Guid(5bb03ea8b22f4db45befe9769b0544c9) Importer(815301076,1909f56bfc062723c751e8b465ee728b)
Start importing Assets/FBX/Build/Wood Floor.fbx using Guid(5bb03ea8b22f4db45befe9769b0544c9) Importer(815301076,1909f56bfc062723c751e8b465ee728b)  -> (artifact id: 'a93fc1bbf07a7c68bb126d5321be3208') in 0.014411 seconds 
========================================================================
Received Import Request.
  Time since last request: 14.491135 seconds.
  path: Assets/Prefabs/Build/Wood Wall.prefab
  artifactKey: Guid(a731148e17681af4bbbeae61da17da0f) Importer(815301076,1909f56bfc062723c751e8b465ee728b)
Start importing Assets/Prefabs/Build/Wood Wall.prefab using Guid(a731148e17681af4bbbeae61da17da0f) Importer(815301076,1909f56bfc062723c751e8b465ee728b)  -> (artifact id: '4a76df05f5262f47539c130ce0f3aa30') in 0.011005 seconds 
========================================================================
Received Import Request.
  Time since last request: 13.258886 seconds.
  path: Assets/Prefabs/Build/Wood Wall.prefab
  artifactKey: Guid(a731148e17681af4bbbeae61da17da0f) Importer(815301076,1909f56bfc062723c751e8b465ee728b)
Start importing Assets/Prefabs/Build/Wood Wall.prefab using Guid(a731148e17681af4bbbeae61da17da0f) Importer(815301076,1909f56bfc062723c751e8b465ee728b)  -> (artifact id: '132fb37b7088bfe24689fd34f30f4c03') in 0.008359 seconds 
========================================================================
Received Import Request.
  Time since last request: 58.032514 seconds.
  path: Assets/ScriptableObject/Ring Menu/Wall.asset
  artifactKey: Guid(019f995be95a2db47a84ffdf755f7ab4) Importer(815301076,1909f56bfc062723c751e8b465ee728b)
Start importing Assets/ScriptableObject/Ring Menu/Wall.asset using Guid(019f995be95a2db47a84ffdf755f7ab4) Importer(815301076,1909f56bfc062723c751e8b465ee728b)  -> (artifact id: 'b035e34b80aa3b0400a42ae2c9ad37ac') in 0.006203 seconds 
========================================================================
Received Prepare
Registering precompiled user dll's ...
Registered in 0.003656 seconds.
Begin MonoManager ReloadAssembly
Symbol file LoadedFromMemory is not a mono symbol file
Native extension for WindowsStandalone target not found
Refreshing native plugins compatible for Editor in 0.40 ms, found 2 plugins.
Preloading 0 native plugins for Editor in 0.00 ms.
Mono: successfully reloaded assembly
- Completed reload, in  1.059 seconds
Domain Reload Profiling:
	ReloadAssembly (1060ms)
		BeginReloadAssembly (162ms)
			ExecutionOrderSort (0ms)
			DisableScriptedObjects (5ms)
			BackupInstance (0ms)
			ReleaseScriptingObjects (0ms)
			CreateAndSetChildDomain (35ms)
		EndReloadAssembly (777ms)
			LoadAssemblies (116ms)
			RebuildTransferFunctionScriptingTraits (0ms)
			SetupTypeCache (192ms)
			ReleaseScriptCaches (1ms)
			RebuildScriptCaches (58ms)
			SetupLoadedEditorAssemblies (374ms)
				LogAssemblyErrors (0ms)
				InitializePlatformSupportModulesInManaged (15ms)
				SetLoadedEditorAssemblies (1ms)
				RefreshPlugins (0ms)
				BeforeProcessingInitializeOnLoad (68ms)
				ProcessInitializeOnLoadAttributes (247ms)
				ProcessInitializeOnLoadMethodAttributes (30ms)
				AfterProcessingInitializeOnLoad (14ms)
				EditorAssembliesLoaded (0ms)
			ExecutionOrderSort2 (0ms)
			AwakeInstancesAfterBackupRestoration (8ms)
Platform modules already initialized, skipping
Refreshing native plugins compatible for Editor in 1.39 ms, found 2 plugins.
Preloading 0 native plugins for Editor in 0.00 ms.
Unloading 1686 Unused Serialized files (Serialized files now loaded: 0)
Unloading 9 unused Assets / (24.7 KB). Loaded Objects now: 2243.
Memory consumption went from 80.9 MB to 80.9 MB.
Total: 3.111600 ms (FindLiveObjects: 0.192900 ms CreateObjectMapping: 0.039400 ms MarkObjects: 2.861600 ms  DeleteObjects: 0.016400 ms)

AssetImportParameters requested are different than current active one (requested -> active):
  custom:video-decoder-ogg-theora: a1e56fd34408186e4bbccfd4996cb3dc -> 
  custom:container-muxer-webm: aa71ff27fc2769a1b78a27578f13a17b -> 
  custom:container-demuxer-webm: 4f35f7cbe854078d1ac9338744f61a02 -> 
  custom:video-encoder-webm-vp8: eb34c28f22e8b96e1ab97ce403110664 -> 
  custom:audio-encoder-webm-vorbis: bf7c407c2cedff20999df2af8eb42d56 -> 
  custom:framework-win-MediaFoundation: 216162199b28c13a410421893ffa2e32 -> 
  custom:container-demuxer-ogg: 62fdf1f143b41e24485cea50d1cbac27 -> 
  custom:video-decoder-webm-vp8: 9c59270c3fd7afecdb556c50c9e8de78 -> 
  custom:audio-decoder-ogg-vorbis: bf7c407c2cedff20999df2af8eb42d56 -> 
========================================================================
Received Import Request.
  Time since last request: 17700.043943 seconds.
  path: Assets/Images/wall.png
  artifactKey: Guid(6b8c5b5256113a7458a87be92e30f5b5) Importer(815301076,1909f56bfc062723c751e8b465ee728b)
Start importing Assets/Images/wall.png using Guid(6b8c5b5256113a7458a87be92e30f5b5) Importer(815301076,1909f56bfc062723c751e8b465ee728b)  -> (artifact id: '7c116e5a78dc26417b6310af2202d1d7') in 0.518769 seconds 
========================================================================
Received Import Request.
  Time since last request: 5.661527 seconds.
  path: Assets/Images/wall.png
  artifactKey: Guid(6b8c5b5256113a7458a87be92e30f5b5) Importer(815301076,1909f56bfc062723c751e8b465ee728b)
Start importing Assets/Images/wall.png using Guid(6b8c5b5256113a7458a87be92e30f5b5) Importer(815301076,1909f56bfc062723c751e8b465ee728b)  -> (artifact id: '3938daedd3513e25b779812078b6fe5d') in 0.053810 seconds 
========================================================================
Received Import Request.
  Time since last request: 3.429286 seconds.
  path: Assets/Images/floor.png
  artifactKey: Guid(a53cf4282852bb84796ba1e7d9de354b) Importer(815301076,1909f56bfc062723c751e8b465ee728b)
Start importing Assets/Images/floor.png using Guid(a53cf4282852bb84796ba1e7d9de354b) Importer(815301076,1909f56bfc062723c751e8b465ee728b)  -> (artifact id: '5811dca3f112636a3cef3f412bc5cacc') in 0.012822 seconds 
========================================================================
Received Import Request.
  Time since last request: 5.619302 seconds.
  path: Assets/Images/floor.png
  artifactKey: Guid(a53cf4282852bb84796ba1e7d9de354b) Importer(815301076,1909f56bfc062723c751e8b465ee728b)
Start importing Assets/Images/floor.png using Guid(a53cf4282852bb84796ba1e7d9de354b) Importer(815301076,1909f56bfc062723c751e8b465ee728b)  -> (artifact id: '4900843a05d85d34119b714d7d2ab12b') in 0.022076 seconds 
========================================================================
Received Import Request.
  Time since last request: 15.210425 seconds.
  path: Assets/ScriptableObject/Build/Wood Floor.asset
  artifactKey: Guid(25c486d88622cb745b92cbd3b03c0683) Importer(815301076,1909f56bfc062723c751e8b465ee728b)
Start importing Assets/ScriptableObject/Build/Wood Floor.asset using Guid(25c486d88622cb745b92cbd3b03c0683) Importer(815301076,1909f56bfc062723c751e8b465ee728b)  -> (artifact id: 'ecca78b5e31a0310b12e898b82a04f22') in 0.006689 seconds 
========================================================================
Received Import Request.
  Time since last request: 0.347561 seconds.
  path: Assets/ScriptableObject/Build/Wood Wall.asset
  artifactKey: Guid(0c3d2f689e0b2bd479d5348e0d69ead4) Importer(815301076,1909f56bfc062723c751e8b465ee728b)
Start importing Assets/ScriptableObject/Build/Wood Wall.asset using Guid(0c3d2f689e0b2bd479d5348e0d69ead4) Importer(815301076,1909f56bfc062723c751e8b465ee728b)  -> (artifact id: '879e3b98f2c45e0bc4414b6800f36586') in 0.009060 seconds 
========================================================================
Received Import Request.
  Time since last request: 10.044763 seconds.
  path: Assets/Images/ring.png
  artifactKey: Guid(336f92c44f00ecf4f9c755bd0a657185) Importer(815301076,1909f56bfc062723c751e8b465ee728b)
Start importing Assets/Images/ring.png using Guid(336f92c44f00ecf4f9c755bd0a657185) Importer(815301076,1909f56bfc062723c751e8b465ee728b)  -> (artifact id: '8a3337ee879a781dbc8b6d0611a7adea') in 0.076182 seconds 
========================================================================
Received Import Request.
  Time since last request: 3.727420 seconds.
  path: Assets/ScriptableObject/Ring Menu/Floor.asset
  artifactKey: Guid(4316503bda5e4d641a20ea6517a4eb31) Importer(815301076,1909f56bfc062723c751e8b465ee728b)
Start importing Assets/ScriptableObject/Ring Menu/Floor.asset using Guid(4316503bda5e4d641a20ea6517a4eb31) Importer(815301076,1909f56bfc062723c751e8b465ee728b)  -> (artifact id: '6d064663f8d1c58d6d6890332093af62') in 0.009388 seconds 
========================================================================
Received Prepare
Registering precompiled user dll's ...
Registered in 0.003157 seconds.
Begin MonoManager ReloadAssembly
Symbol file LoadedFromMemory is not a mono symbol file
Native extension for WindowsStandalone target not found
Refreshing native plugins compatible for Editor in 0.50 ms, found 2 plugins.
Preloading 0 native plugins for Editor in 0.00 ms.
Mono: successfully reloaded assembly
- Completed reload, in  1.291 seconds
Domain Reload Profiling:
	ReloadAssembly (1292ms)
		BeginReloadAssembly (248ms)
			ExecutionOrderSort (0ms)
			DisableScriptedObjects (12ms)
			BackupInstance (0ms)
			ReleaseScriptingObjects (0ms)
			CreateAndSetChildDomain (86ms)
		EndReloadAssembly (913ms)
			LoadAssemblies (179ms)
			RebuildTransferFunctionScriptingTraits (0ms)
			SetupTypeCache (237ms)
			ReleaseScriptCaches (1ms)
			RebuildScriptCaches (55ms)
			SetupLoadedEditorAssemblies (419ms)
				LogAssemblyErrors (0ms)
				InitializePlatformSupportModulesInManaged (19ms)
				SetLoadedEditorAssemblies (1ms)
				RefreshPlugins (1ms)
				BeforeProcessingInitializeOnLoad (76ms)
				ProcessInitializeOnLoadAttributes (275ms)
				ProcessInitializeOnLoadMethodAttributes (33ms)
				AfterProcessingInitializeOnLoad (14ms)
				EditorAssembliesLoaded (0ms)
			ExecutionOrderSort2 (0ms)
			AwakeInstancesAfterBackupRestoration (7ms)
Platform modules already initialized, skipping
Refreshing native plugins compatible for Editor in 1.70 ms, found 2 plugins.
Preloading 0 native plugins for Editor in 0.00 ms.
Unloading 1686 Unused Serialized files (Serialized files now loaded: 0)
Unloading 9 unused Assets / (24.6 KB). Loaded Objects now: 2252.
Memory consumption went from 81.0 MB to 80.9 MB.
Total: 3.730200 ms (FindLiveObjects: 0.205400 ms CreateObjectMapping: 0.041100 ms MarkObjects: 3.436200 ms  DeleteObjects: 0.046100 ms)

AssetImportParameters requested are different than current active one (requested -> active):
  custom:video-decoder-ogg-theora: a1e56fd34408186e4bbccfd4996cb3dc -> 
  custom:container-muxer-webm: aa71ff27fc2769a1b78a27578f13a17b -> 
  custom:container-demuxer-webm: 4f35f7cbe854078d1ac9338744f61a02 -> 
  custom:video-encoder-webm-vp8: eb34c28f22e8b96e1ab97ce403110664 -> 
  custom:audio-encoder-webm-vorbis: bf7c407c2cedff20999df2af8eb42d56 -> 
  custom:framework-win-MediaFoundation: 216162199b28c13a410421893ffa2e32 -> 
  custom:container-demuxer-ogg: 62fdf1f143b41e24485cea50d1cbac27 -> 
  custom:video-decoder-webm-vp8: 9c59270c3fd7afecdb556c50c9e8de78 -> 
  custom:audio-decoder-ogg-vorbis: bf7c407c2cedff20999df2af8eb42d56 -> 
========================================================================
Received Prepare
Registering precompiled user dll's ...
Registered in 0.003492 seconds.
Begin MonoManager ReloadAssembly
Symbol file LoadedFromMemory is not a mono symbol file
Native extension for WindowsStandalone target not found
Refreshing native plugins compatible for Editor in 0.34 ms, found 2 plugins.
Preloading 0 native plugins for Editor in 0.00 ms.
Mono: successfully reloaded assembly
- Completed reload, in  0.989 seconds
Domain Reload Profiling:
	ReloadAssembly (990ms)
		BeginReloadAssembly (142ms)
			ExecutionOrderSort (0ms)
			DisableScriptedObjects (7ms)
			BackupInstance (0ms)
			ReleaseScriptingObjects (0ms)
			CreateAndSetChildDomain (29ms)
		EndReloadAssembly (732ms)
			LoadAssemblies (98ms)
			RebuildTransferFunctionScriptingTraits (0ms)
			SetupTypeCache (181ms)
			ReleaseScriptCaches (1ms)
			RebuildScriptCaches (55ms)
			SetupLoadedEditorAssemblies (343ms)
				LogAssemblyErrors (0ms)
				InitializePlatformSupportModulesInManaged (15ms)
				SetLoadedEditorAssemblies (1ms)
				RefreshPlugins (0ms)
				BeforeProcessingInitializeOnLoad (59ms)
				ProcessInitializeOnLoadAttributes (227ms)
				ProcessInitializeOnLoadMethodAttributes (29ms)
				AfterProcessingInitializeOnLoad (12ms)
				EditorAssembliesLoaded (0ms)
			ExecutionOrderSort2 (0ms)
			AwakeInstancesAfterBackupRestoration (7ms)
Platform modules already initialized, skipping
Refreshing native plugins compatible for Editor in 1.40 ms, found 2 plugins.
Preloading 0 native plugins for Editor in 0.00 ms.
Unloading 1686 Unused Serialized files (Serialized files now loaded: 0)
Unloading 9 unused Assets / (24.6 KB). Loaded Objects now: 2255.
Memory consumption went from 81.0 MB to 80.9 MB.
Total: 3.309000 ms (FindLiveObjects: 0.191300 ms CreateObjectMapping: 0.176300 ms MarkObjects: 2.924700 ms  DeleteObjects: 0.015400 ms)

AssetImportParameters requested are different than current active one (requested -> active):
  custom:video-decoder-ogg-theora: a1e56fd34408186e4bbccfd4996cb3dc -> 
  custom:container-muxer-webm: aa71ff27fc2769a1b78a27578f13a17b -> 
  custom:container-demuxer-webm: 4f35f7cbe854078d1ac9338744f61a02 -> 
  custom:video-encoder-webm-vp8: eb34c28f22e8b96e1ab97ce403110664 -> 
  custom:audio-encoder-webm-vorbis: bf7c407c2cedff20999df2af8eb42d56 -> 
  custom:framework-win-MediaFoundation: 216162199b28c13a410421893ffa2e32 -> 
  custom:container-demuxer-ogg: 62fdf1f143b41e24485cea50d1cbac27 -> 
  custom:video-decoder-webm-vp8: 9c59270c3fd7afecdb556c50c9e8de78 -> 
  custom:audio-decoder-ogg-vorbis: bf7c407c2cedff20999df2af8eb42d56 -> 
========================================================================
Received Import Request.
  Time since last request: 2863.996779 seconds.
  path: Assets/ScriptableObject/Ring Menu/Wall.asset
  artifactKey: Guid(019f995be95a2db47a84ffdf755f7ab4) Importer(815301076,1909f56bfc062723c751e8b465ee728b)
Start importing Assets/ScriptableObject/Ring Menu/Wall.asset using Guid(019f995be95a2db47a84ffdf755f7ab4) Importer(815301076,1909f56bfc062723c751e8b465ee728b)  -> (artifact id: '5871d0deac7b03aa0e06dd6a81b0fecb') in 0.041545 seconds 
========================================================================
Received Import Request.
  Time since last request: 8.098660 seconds.
  path: Assets/ScriptableObject/Ring Menu/Wall 1.asset
  artifactKey: Guid(5441b89c9620bbd4f86740c96d2dee55) Importer(815301076,1909f56bfc062723c751e8b465ee728b)
Start importing Assets/ScriptableObject/Ring Menu/Wall 1.asset using Guid(5441b89c9620bbd4f86740c96d2dee55) Importer(815301076,1909f56bfc062723c751e8b465ee728b)  -> (artifact id: '3173d8c47163a24f14ac4655241aab58') in 0.008501 seconds 
========================================================================
Received Import Request.
  Time since last request: 5.042335 seconds.
  path: Assets/ScriptableObject/Ring Menu/Door.asset
  artifactKey: Guid(5441b89c9620bbd4f86740c96d2dee55) Importer(815301076,1909f56bfc062723c751e8b465ee728b)
Start importing Assets/ScriptableObject/Ring Menu/Door.asset using Guid(5441b89c9620bbd4f86740c96d2dee55) Importer(815301076,1909f56bfc062723c751e8b465ee728b)  -> (artifact id: '386e34614560a49f9033e6e144f485e4') in 0.008234 seconds 
========================================================================
Received Import Request.
  Time since last request: 25.578947 seconds.
  path: Assets/Images/door.png
  artifactKey: Guid(5a339061bad078640b7241beaa74f971) Importer(815301076,1909f56bfc062723c751e8b465ee728b)
Start importing Assets/Images/door.png using Guid(5a339061bad078640b7241beaa74f971) Importer(815301076,1909f56bfc062723c751e8b465ee728b)  -> (artifact id: '0455e96c05e87939317c67241d26519a') in 0.051041 seconds 
========================================================================
Received Import Request.
  Time since last request: 6.014220 seconds.
  path: Assets/Images/door.png
  artifactKey: Guid(5a339061bad078640b7241beaa74f971) Importer(815301076,1909f56bfc062723c751e8b465ee728b)
Start importing Assets/Images/door.png using Guid(5a339061bad078640b7241beaa74f971) Importer(815301076,1909f56bfc062723c751e8b465ee728b)  -> (artifact id: 'ddfc21f6442fb0405486e69676b4ab3c') in 0.043306 seconds 
========================================================================
Received Import Request.
  Time since last request: 189.707204 seconds.
  path: Assets/ScriptableObject/Build/Wood Wall 1.asset
  artifactKey: Guid(cfc599580eb0e8c4980dada0a533f644) Importer(815301076,1909f56bfc062723c751e8b465ee728b)
Start importing Assets/ScriptableObject/Build/Wood Wall 1.asset using Guid(cfc599580eb0e8c4980dada0a533f644) Importer(815301076,1909f56bfc062723c751e8b465ee728b)  -> (artifact id: '877089802456f565d0346985d790fa30') in 0.007214 seconds 
========================================================================
Received Import Request.
  Time since last request: 8.127182 seconds.
  path: Assets/ScriptableObject/Build/Wood Slot Door.asset
  artifactKey: Guid(cfc599580eb0e8c4980dada0a533f644) Importer(815301076,1909f56bfc062723c751e8b465ee728b)
Start importing Assets/ScriptableObject/Build/Wood Slot Door.asset using Guid(cfc599580eb0e8c4980dada0a533f644) Importer(815301076,1909f56bfc062723c751e8b465ee728b)  -> (artifact id: '928030d0186d61de50d2108472a4aa3e') in 0.007053 seconds 
========================================================================
Received Import Request.
  Time since last request: 18.442365 seconds.
  path: Assets/FBX/Build
  artifactKey: Guid(182377afd42e4f145ad37a6432c33409) Importer(815301076,1909f56bfc062723c751e8b465ee728b)
Start importing Assets/FBX/Build using Guid(182377afd42e4f145ad37a6432c33409) Importer(815301076,1909f56bfc062723c751e8b465ee728b)  -> (artifact id: '7cdd512e1334ae5371830475c225bcb7') in 0.004757 seconds 
========================================================================
Received Import Request.
  Time since last request: 9.355999 seconds.
  path: Assets/FBX/Build/door.fbx
  artifactKey: Guid(0fddda9f00fe83a46ab8c20a7aa907b2) Importer(815301076,1909f56bfc062723c751e8b465ee728b)
Start importing Assets/FBX/Build/door.fbx using Guid(0fddda9f00fe83a46ab8c20a7aa907b2) Importer(815301076,1909f56bfc062723c751e8b465ee728b)  -> (artifact id: 'f27a4c8bb87427f6beb51ce2f152b95f') in 0.073032 seconds 
========================================================================
Received Import Request.
  Time since last request: 4.098181 seconds.
  path: Assets/FBX/Build/door.fbx
  artifactKey: Guid(0fddda9f00fe83a46ab8c20a7aa907b2) Importer(815301076,1909f56bfc062723c751e8b465ee728b)
Start importing Assets/FBX/Build/door.fbx using Guid(0fddda9f00fe83a46ab8c20a7aa907b2) Importer(815301076,1909f56bfc062723c751e8b465ee728b)  -> (artifact id: '0ff1eec8b9b73fcfbc8fb50779cb3511') in 0.016028 seconds 
========================================================================
Received Import Request.
  Time since last request: 11.946319 seconds.
  path: Assets/Prefabs/Build/door.prefab
  artifactKey: Guid(7169fd2eaa7e5d2499d68243b776c744) Importer(815301076,1909f56bfc062723c751e8b465ee728b)
Start importing Assets/Prefabs/Build/door.prefab using Guid(7169fd2eaa7e5d2499d68243b776c744) Importer(815301076,1909f56bfc062723c751e8b465ee728b)  -> (artifact id: '86c17bd20c1bfe53626a2a0d75aeeb8a') in 0.010963 seconds 
========================================================================
Received Import Request.
  Time since last request: 8.598041 seconds.
  path: Assets/Prefabs/Build/Wood Slot Door.prefab
  artifactKey: Guid(7169fd2eaa7e5d2499d68243b776c744) Importer(815301076,1909f56bfc062723c751e8b465ee728b)
Start importing Assets/Prefabs/Build/Wood Slot Door.prefab using Guid(7169fd2eaa7e5d2499d68243b776c744) Importer(815301076,1909f56bfc062723c751e8b465ee728b)  -> (artifact id: '3af79025c996781e4c9e221bc291ce4e') in 0.009221 seconds 
========================================================================
Received Import Request.
  Time since last request: 3.276214 seconds.
  path: Assets/Prefabs/Build/Wood Slot Door.prefab
  artifactKey: Guid(7169fd2eaa7e5d2499d68243b776c744) Importer(815301076,1909f56bfc062723c751e8b465ee728b)
Start importing Assets/Prefabs/Build/Wood Slot Door.prefab using Guid(7169fd2eaa7e5d2499d68243b776c744) Importer(815301076,1909f56bfc062723c751e8b465ee728b)  -> (artifact id: 'f4e286616ea65aff9088d655d9d6aa15') in 0.008950 seconds 
========================================================================
Received Import Request.
  Time since last request: 2.905096 seconds.
  path: Assets/Prefabs/Build/Wood Slot Door.prefab
  artifactKey: Guid(7169fd2eaa7e5d2499d68243b776c744) Importer(815301076,1909f56bfc062723c751e8b465ee728b)
Start importing Assets/Prefabs/Build/Wood Slot Door.prefab using Guid(7169fd2eaa7e5d2499d68243b776c744) Importer(815301076,1909f56bfc062723c751e8b465ee728b)  -> (artifact id: '14de52727597d3adde9da22af6174c5d') in 0.008821 seconds 
========================================================================
Received Import Request.
  Time since last request: 3.268861 seconds.
  path: Assets/Prefabs/Build/Wood Slot Door.prefab
  artifactKey: Guid(7169fd2eaa7e5d2499d68243b776c744) Importer(815301076,1909f56bfc062723c751e8b465ee728b)
Start importing Assets/Prefabs/Build/Wood Slot Door.prefab using Guid(7169fd2eaa7e5d2499d68243b776c744) Importer(815301076,1909f56bfc062723c751e8b465ee728b)  -> (artifact id: '71978f82484831e43889bd7b80159230') in 0.009001 seconds 
========================================================================
Received Import Request.
  Time since last request: 24.990268 seconds.
  path: Assets/ScriptableObject/Ring Menu/Main Ring.asset
  artifactKey: Guid(1dc29b7a3a0bceb4396a9d8192e093bf) Importer(815301076,1909f56bfc062723c751e8b465ee728b)
Start importing Assets/ScriptableObject/Ring Menu/Main Ring.asset using Guid(1dc29b7a3a0bceb4396a9d8192e093bf) Importer(815301076,1909f56bfc062723c751e8b465ee728b)  -> (artifact id: '2be250412560727ba625d7be12969c21') in 0.014135 seconds 
========================================================================
Received Import Request.
  Time since last request: 3.313608 seconds.
  path: Assets/ScriptableObject/Ring Menu/Door.asset
  artifactKey: Guid(5441b89c9620bbd4f86740c96d2dee55) Importer(815301076,1909f56bfc062723c751e8b465ee728b)
Start importing Assets/ScriptableObject/Ring Menu/Door.asset using Guid(5441b89c9620bbd4f86740c96d2dee55) Importer(815301076,1909f56bfc062723c751e8b465ee728b)  -> (artifact id: 'eaffafdbe8a3908d2b1b5e44e243c2f9') in 0.004539 seconds 
========================================================================
Received Import Request.
  Time since last request: 2.674381 seconds.
  path: Assets/ScriptableObject/Ring Menu/Door Slot.asset
  artifactKey: Guid(5441b89c9620bbd4f86740c96d2dee55) Importer(815301076,1909f56bfc062723c751e8b465ee728b)
Start importing Assets/ScriptableObject/Ring Menu/Door Slot.asset using Guid(5441b89c9620bbd4f86740c96d2dee55) Importer(815301076,1909f56bfc062723c751e8b465ee728b)  -> (artifact id: '37fccdbbc0a3d90722be41868bc3f828') in 0.007965 seconds 
========================================================================
Received Prepare
Registering precompiled user dll's ...
Registered in 0.003984 seconds.
Begin MonoManager ReloadAssembly
Symbol file LoadedFromMemory is not a mono symbol file
Native extension for WindowsStandalone target not found
Refreshing native plugins compatible for Editor in 0.50 ms, found 2 plugins.
Preloading 0 native plugins for Editor in 0.00 ms.
Mono: successfully reloaded assembly
- Completed reload, in  0.989 seconds
Domain Reload Profiling:
	ReloadAssembly (990ms)
		BeginReloadAssembly (143ms)
			ExecutionOrderSort (0ms)
			DisableScriptedObjects (5ms)
			BackupInstance (0ms)
			ReleaseScriptingObjects (0ms)
			CreateAndSetChildDomain (30ms)
		EndReloadAssembly (737ms)
			LoadAssemblies (101ms)
			RebuildTransferFunctionScriptingTraits (0ms)
			SetupTypeCache (193ms)
			ReleaseScriptCaches (1ms)
			RebuildScriptCaches (45ms)
			SetupLoadedEditorAssemblies (364ms)
				LogAssemblyErrors (0ms)
				InitializePlatformSupportModulesInManaged (16ms)
				SetLoadedEditorAssemblies (1ms)
				RefreshPlugins (1ms)
				BeforeProcessingInitializeOnLoad (67ms)
				ProcessInitializeOnLoadAttributes (237ms)
				ProcessInitializeOnLoadMethodAttributes (30ms)
				AfterProcessingInitializeOnLoad (14ms)
				EditorAssembliesLoaded (0ms)
			ExecutionOrderSort2 (0ms)
			AwakeInstancesAfterBackupRestoration (7ms)
Platform modules already initialized, skipping
Refreshing native plugins compatible for Editor in 1.45 ms, found 2 plugins.
Preloading 0 native plugins for Editor in 0.00 ms.
Unloading 1686 Unused Serialized files (Serialized files now loaded: 0)
Unloading 9 unused Assets / (24.7 KB). Loaded Objects now: 2258.
Memory consumption went from 81.0 MB to 81.0 MB.
Total: 3.147300 ms (FindLiveObjects: 0.173300 ms CreateObjectMapping: 0.037100 ms MarkObjects: 2.919600 ms  DeleteObjects: 0.016100 ms)

AssetImportParameters requested are different than current active one (requested -> active):
  custom:video-decoder-ogg-theora: a1e56fd34408186e4bbccfd4996cb3dc -> 
  custom:container-muxer-webm: aa71ff27fc2769a1b78a27578f13a17b -> 
  custom:container-demuxer-webm: 4f35f7cbe854078d1ac9338744f61a02 -> 
  custom:video-encoder-webm-vp8: eb34c28f22e8b96e1ab97ce403110664 -> 
  custom:audio-encoder-webm-vorbis: bf7c407c2cedff20999df2af8eb42d56 -> 
  custom:framework-win-MediaFoundation: 216162199b28c13a410421893ffa2e32 -> 
  custom:container-demuxer-ogg: 62fdf1f143b41e24485cea50d1cbac27 -> 
  custom:video-decoder-webm-vp8: 9c59270c3fd7afecdb556c50c9e8de78 -> 
  custom:audio-decoder-ogg-vorbis: bf7c407c2cedff20999df2af8eb42d56 -> 
========================================================================
Received Prepare
Registering precompiled user dll's ...
Registered in 0.003045 seconds.
Begin MonoManager ReloadAssembly
Symbol file LoadedFromMemory is not a mono symbol file
Native extension for WindowsStandalone target not found
Refreshing native plugins compatible for Editor in 0.32 ms, found 2 plugins.
Preloading 0 native plugins for Editor in 0.00 ms.
Mono: successfully reloaded assembly
- Completed reload, in  0.945 seconds
Domain Reload Profiling:
	ReloadAssembly (946ms)
		BeginReloadAssembly (137ms)
			ExecutionOrderSort (0ms)
			DisableScriptedObjects (7ms)
			BackupInstance (0ms)
			ReleaseScriptingObjects (0ms)
			CreateAndSetChildDomain (31ms)
		EndReloadAssembly (701ms)
			LoadAssemblies (94ms)
			RebuildTransferFunctionScriptingTraits (0ms)
			SetupTypeCache (177ms)
			ReleaseScriptCaches (1ms)
			RebuildScriptCaches (50ms)
			SetupLoadedEditorAssemblies (333ms)
				LogAssemblyErrors (0ms)
				InitializePlatformSupportModulesInManaged (14ms)
				SetLoadedEditorAssemblies (1ms)
				RefreshPlugins (0ms)
				BeforeProcessingInitializeOnLoad (60ms)
				ProcessInitializeOnLoadAttributes (214ms)
				ProcessInitializeOnLoadMethodAttributes (31ms)
				AfterProcessingInitializeOnLoad (12ms)
				EditorAssembliesLoaded (0ms)
			ExecutionOrderSort2 (0ms)
			AwakeInstancesAfterBackupRestoration (7ms)
Platform modules already initialized, skipping
Refreshing native plugins compatible for Editor in 1.28 ms, found 2 plugins.
Preloading 0 native plugins for Editor in 0.00 ms.
Unloading 1686 Unused Serialized files (Serialized files now loaded: 0)
Unloading 9 unused Assets / (24.7 KB). Loaded Objects now: 2261.
Memory consumption went from 81.0 MB to 81.0 MB.
Total: 2.814900 ms (FindLiveObjects: 0.159700 ms CreateObjectMapping: 0.037400 ms MarkObjects: 2.600500 ms  DeleteObjects: 0.016000 ms)

AssetImportParameters requested are different than current active one (requested -> active):
  custom:video-decoder-ogg-theora: a1e56fd34408186e4bbccfd4996cb3dc -> 
  custom:container-muxer-webm: aa71ff27fc2769a1b78a27578f13a17b -> 
  custom:container-demuxer-webm: 4f35f7cbe854078d1ac9338744f61a02 -> 
  custom:video-encoder-webm-vp8: eb34c28f22e8b96e1ab97ce403110664 -> 
  custom:audio-encoder-webm-vorbis: bf7c407c2cedff20999df2af8eb42d56 -> 
  custom:framework-win-MediaFoundation: 216162199b28c13a410421893ffa2e32 -> 
  custom:container-demuxer-ogg: 62fdf1f143b41e24485cea50d1cbac27 -> 
  custom:video-decoder-webm-vp8: 9c59270c3fd7afecdb556c50c9e8de78 -> 
  custom:audio-decoder-ogg-vorbis: bf7c407c2cedff20999df2af8eb42d56 -> 
========================================================================
Received Import Request.
  Time since last request: 90.793870 seconds.
  path: Assets/Images/door.png
  artifactKey: Guid(5a339061bad078640b7241beaa74f971) Importer(815301076,1909f56bfc062723c751e8b465ee728b)
Start importing Assets/Images/door.png using Guid(5a339061bad078640b7241beaa74f971) Importer(815301076,1909f56bfc062723c751e8b465ee728b)  -> (artifact id: '7b621ac9a749fd68c1fe3430b31267e6') in 0.082218 seconds 
========================================================================
Received Prepare
Registering precompiled user dll's ...
Registered in 0.003187 seconds.
Begin MonoManager ReloadAssembly
Symbol file LoadedFromMemory is not a mono symbol file
Native extension for WindowsStandalone target not found
Refreshing native plugins compatible for Editor in 0.31 ms, found 2 plugins.
Preloading 0 native plugins for Editor in 0.00 ms.
Mono: successfully reloaded assembly
- Completed reload, in  0.940 seconds
Domain Reload Profiling:
	ReloadAssembly (941ms)
		BeginReloadAssembly (136ms)
			ExecutionOrderSort (0ms)
			DisableScriptedObjects (6ms)
			BackupInstance (0ms)
			ReleaseScriptingObjects (0ms)
			CreateAndSetChildDomain (27ms)
		EndReloadAssembly (696ms)
			LoadAssemblies (93ms)
			RebuildTransferFunctionScriptingTraits (0ms)
			SetupTypeCache (181ms)
			ReleaseScriptCaches (1ms)
			RebuildScriptCaches (44ms)
			SetupLoadedEditorAssemblies (341ms)
				LogAssemblyErrors (0ms)
				InitializePlatformSupportModulesInManaged (14ms)
				SetLoadedEditorAssemblies (1ms)
				RefreshPlugins (0ms)
				BeforeProcessingInitializeOnLoad (59ms)
				ProcessInitializeOnLoadAttributes (226ms)
				ProcessInitializeOnLoadMethodAttributes (28ms)
				AfterProcessingInitializeOnLoad (13ms)
				EditorAssembliesLoaded (0ms)
			ExecutionOrderSort2 (0ms)
			AwakeInstancesAfterBackupRestoration (6ms)
Platform modules already initialized, skipping
Refreshing native plugins compatible for Editor in 1.30 ms, found 2 plugins.
Preloading 0 native plugins for Editor in 0.00 ms.
Unloading 1686 Unused Serialized files (Serialized files now loaded: 0)
Unloading 9 unused Assets / (24.6 KB). Loaded Objects now: 2264.
Memory consumption went from 81.0 MB to 81.0 MB.
Total: 2.653700 ms (FindLiveObjects: 0.151800 ms CreateObjectMapping: 0.036300 ms MarkObjects: 2.450000 ms  DeleteObjects: 0.014400 ms)

AssetImportParameters requested are different than current active one (requested -> active):
  custom:video-decoder-ogg-theora: a1e56fd34408186e4bbccfd4996cb3dc -> 
  custom:container-muxer-webm: aa71ff27fc2769a1b78a27578f13a17b -> 
  custom:container-demuxer-webm: 4f35f7cbe854078d1ac9338744f61a02 -> 
  custom:video-encoder-webm-vp8: eb34c28f22e8b96e1ab97ce403110664 -> 
  custom:audio-encoder-webm-vorbis: bf7c407c2cedff20999df2af8eb42d56 -> 
  custom:framework-win-MediaFoundation: 216162199b28c13a410421893ffa2e32 -> 
  custom:container-demuxer-ogg: 62fdf1f143b41e24485cea50d1cbac27 -> 
  custom:video-decoder-webm-vp8: 9c59270c3fd7afecdb556c50c9e8de78 -> 
  custom:audio-decoder-ogg-vorbis: bf7c407c2cedff20999df2af8eb42d56 -> 
