Using pre-set license
Built from '2021.3/staging' branch; Version is '2021.3.0f1 (6eacc8284459) revision 7253192'; Using compiler version '192829333'; Build Type 'Release'
OS: 'Windows 10  (10.0.19043) 64bit Professional' Language: 'es' Physical Memory: 16202 MB
BatchMode: 1, IsHumanControllingUs: 0, StartBugReporterOnCrash: 0, Is64bit: 1, IsPro: 1

COMMAND LINE ARGUMENTS:
C:\Program Files\Unity\Hub\Editor\2021.3.0f1\Editor\Unity.exe
-adb2
-batchMode
-noUpm
-name
AssetImportWorker2
-projectPath
C:/Users/Javi/Documents/GitHub/Survival
-logFile
Logs/AssetImportWorker2.log
-srvPort
60718
Successfully changed project path to: C:/Users/Javi/Documents/GitHub/Survival
C:/Users/Javi/Documents/GitHub/Survival
[UnityMemory] Configuration Parameters - Can be set up in boot.config
    "memorysetup-bucket-allocator-granularity=16"
    "memorysetup-bucket-allocator-bucket-count=8"
    "memorysetup-bucket-allocator-block-size=33554432"
    "memorysetup-bucket-allocator-block-count=8"
    "memorysetup-main-allocator-block-size=16777216"
    "memorysetup-thread-allocator-block-size=16777216"
    "memorysetup-gfx-main-allocator-block-size=16777216"
    "memorysetup-gfx-thread-allocator-block-size=16777216"
    "memorysetup-cache-allocator-block-size=4194304"
    "memorysetup-typetree-allocator-block-size=2097152"
    "memorysetup-profiler-bucket-allocator-granularity=16"
    "memorysetup-profiler-bucket-allocator-bucket-count=8"
    "memorysetup-profiler-bucket-allocator-block-size=33554432"
    "memorysetup-profiler-bucket-allocator-block-count=8"
    "memorysetup-profiler-allocator-block-size=16777216"
    "memorysetup-profiler-editor-allocator-block-size=1048576"
    "memorysetup-temp-allocator-size-main=16777216"
    "memorysetup-job-temp-allocator-block-size=2097152"
    "memorysetup-job-temp-allocator-block-size-background=1048576"
    "memorysetup-job-temp-allocator-reduction-small-platforms=262144"
    "memorysetup-temp-allocator-size-background-worker=32768"
    "memorysetup-temp-allocator-size-job-worker=262144"
    "memorysetup-temp-allocator-size-preload-manager=33554432"
    "memorysetup-temp-allocator-size-nav-mesh-worker=65536"
    "memorysetup-temp-allocator-size-audio-worker=65536"
    "memorysetup-temp-allocator-size-cloud-worker=32768"
    "memorysetup-temp-allocator-size-gi-baking-worker=262144"
    "memorysetup-temp-allocator-size-gfx=262144"
Refreshing native plugins compatible for Editor in 27.56 ms, found 2 plugins.
Preloading 0 native plugins for Editor in 0.00 ms.
Initialize engine version: 2021.3.0f1 (6eacc8284459)
[Subsystems] Discovering subsystems at path C:/Program Files/Unity/Hub/Editor/2021.3.0f1/Editor/Data/Resources/UnitySubsystems
[Subsystems] Discovering subsystems at path C:/Users/Javi/Documents/GitHub/Survival/Assets
GfxDevice: creating device client; threaded=0; jobified=0
Direct3D:
    Version:  Direct3D 11.0 [level 11.1]
    Renderer: NVIDIA GeForce RTX 3060 Laptop GPU (ID=0x2520)
    Vendor:   NVIDIA
    VRAM:     6023 MB
    Driver:   30.0.15.1277
Initialize mono
Mono path[0] = 'C:/Program Files/Unity/Hub/Editor/2021.3.0f1/Editor/Data/Managed'
Mono path[1] = 'C:/Program Files/Unity/Hub/Editor/2021.3.0f1/Editor/Data/MonoBleedingEdge/lib/mono/unityjit-win32'
Mono config path = 'C:/Program Files/Unity/Hub/Editor/2021.3.0f1/Editor/Data/MonoBleedingEdge/etc'
Using monoOptions --debugger-agent=transport=dt_socket,embedding=1,server=y,suspend=n,address=127.0.0.1:56988
Begin MonoManager ReloadAssembly
Registering precompiled unity dll's ...
Register platform support module: C:/Program Files/Unity/Hub/Editor/2021.3.0f1/Editor/Data/PlaybackEngines/WindowsStandaloneSupport/UnityEditor.WindowsStandalone.Extensions.dll
Registered in 0.008662 seconds.
Native extension for WindowsStandalone target not found
Refreshing native plugins compatible for Editor in 25.27 ms, found 2 plugins.
Preloading 0 native plugins for Editor in 0.00 ms.
Mono: successfully reloaded assembly
- Completed reload, in  0.557 seconds
Domain Reload Profiling:
	ReloadAssembly (557ms)
		BeginReloadAssembly (65ms)
			ExecutionOrderSort (0ms)
			DisableScriptedObjects (0ms)
			BackupInstance (0ms)
			ReleaseScriptingObjects (0ms)
			CreateAndSetChildDomain (1ms)
		EndReloadAssembly (382ms)
			LoadAssemblies (63ms)
			RebuildTransferFunctionScriptingTraits (0ms)
			SetupTypeCache (103ms)
			ReleaseScriptCaches (0ms)
			RebuildScriptCaches (27ms)
			SetupLoadedEditorAssemblies (208ms)
				LogAssemblyErrors (0ms)
				InitializePlatformSupportModulesInManaged (7ms)
				SetLoadedEditorAssemblies (0ms)
				RefreshPlugins (25ms)
				BeforeProcessingInitializeOnLoad (1ms)
				ProcessInitializeOnLoadAttributes (133ms)
				ProcessInitializeOnLoadMethodAttributes (41ms)
				AfterProcessingInitializeOnLoad (0ms)
				EditorAssembliesLoaded (0ms)
			ExecutionOrderSort2 (0ms)
			AwakeInstancesAfterBackupRestoration (0ms)
Platform modules already initialized, skipping
Registering precompiled user dll's ...
Registered in 0.002132 seconds.
Begin MonoManager ReloadAssembly
Symbol file LoadedFromMemory is not a mono symbol file
Native extension for WindowsStandalone target not found
Refreshing native plugins compatible for Editor in 0.32 ms, found 2 plugins.
Preloading 0 native plugins for Editor in 0.00 ms.
Mono: successfully reloaded assembly
- Completed reload, in  0.770 seconds
Domain Reload Profiling:
	ReloadAssembly (771ms)
		BeginReloadAssembly (93ms)
			ExecutionOrderSort (0ms)
			DisableScriptedObjects (5ms)
			BackupInstance (0ms)
			ReleaseScriptingObjects (0ms)
			CreateAndSetChildDomain (16ms)
		EndReloadAssembly (572ms)
			LoadAssemblies (66ms)
			RebuildTransferFunctionScriptingTraits (0ms)
			SetupTypeCache (157ms)
			ReleaseScriptCaches (0ms)
			RebuildScriptCaches (40ms)
			SetupLoadedEditorAssemblies (274ms)
				LogAssemblyErrors (0ms)
				InitializePlatformSupportModulesInManaged (5ms)
				SetLoadedEditorAssemblies (0ms)
				RefreshPlugins (0ms)
				BeforeProcessingInitializeOnLoad (45ms)
				ProcessInitializeOnLoadAttributes (195ms)
				ProcessInitializeOnLoadMethodAttributes (22ms)
				AfterProcessingInitializeOnLoad (6ms)
				EditorAssembliesLoaded (0ms)
			ExecutionOrderSort2 (0ms)
			AwakeInstancesAfterBackupRestoration (4ms)
Platform modules already initialized, skipping
========================================================================
Worker process is ready to serve import requests
Launched and connected shader compiler UnityShaderCompiler.exe after 0.03 seconds
Refreshing native plugins compatible for Editor in 0.32 ms, found 2 plugins.
Preloading 0 native plugins for Editor in 0.00 ms.
Unloading 1707 Unused Serialized files (Serialized files now loaded: 0)
Unloading 16 unused Assets / (56.3 KB). Loaded Objects now: 2177.
Memory consumption went from 78.0 MB to 77.9 MB.
Total: 2.455700 ms (FindLiveObjects: 0.156500 ms CreateObjectMapping: 0.098500 ms MarkObjects: 2.133900 ms  DeleteObjects: 0.065800 ms)

AssetImportParameters requested are different than current active one (requested -> active):
  custom:video-decoder-ogg-theora: a1e56fd34408186e4bbccfd4996cb3dc -> 
  custom:container-muxer-webm: aa71ff27fc2769a1b78a27578f13a17b -> 
  custom:container-demuxer-webm: 4f35f7cbe854078d1ac9338744f61a02 -> 
  custom:video-encoder-webm-vp8: eb34c28f22e8b96e1ab97ce403110664 -> 
  custom:audio-encoder-webm-vorbis: bf7c407c2cedff20999df2af8eb42d56 -> 
  custom:framework-win-MediaFoundation: 216162199b28c13a410421893ffa2e32 -> 
  custom:container-demuxer-ogg: 62fdf1f143b41e24485cea50d1cbac27 -> 
  custom:video-decoder-webm-vp8: 9c59270c3fd7afecdb556c50c9e8de78 -> 
  custom:audio-decoder-ogg-vorbis: bf7c407c2cedff20999df2af8eb42d56 -> 
========================================================================
Received Import Request.
  Time since last request: 88180.452760 seconds.
  path: Assets/TextMesh Pro/Fonts/Avgardd SDF.asset
  artifactKey: Guid(6757a7370d1eb9b4394ef1420c8656a8) Importer(815301076,1909f56bfc062723c751e8b465ee728b)
Start importing Assets/TextMesh Pro/Fonts/Avgardd SDF.asset using Guid(6757a7370d1eb9b4394ef1420c8656a8) Importer(815301076,1909f56bfc062723c751e8b465ee728b)  -> (artifact id: '7b9c1ced7832febfbfac9c1ddcba46c6') in 0.148464 seconds 
========================================================================
Received Import Request.
  Time since last request: 0.000023 seconds.
  path: Assets/AllSkyFree/_AllSkyFreeDemoEnvironment/Materials/AllSkyDemoEnv_TreeTrunk.mat
  artifactKey: Guid(52d55542834f2465eb9aed460fd370de) Importer(815301076,1909f56bfc062723c751e8b465ee728b)
Start importing Assets/AllSkyFree/_AllSkyFreeDemoEnvironment/Materials/AllSkyDemoEnv_TreeTrunk.mat using Guid(52d55542834f2465eb9aed460fd370de) Importer(815301076,1909f56bfc062723c751e8b465ee728b)  -> (artifact id: '89e22e392569125b403e58fe8c2de55e') in 0.033764 seconds 
========================================================================
Received Import Request.
  Time since last request: 0.000021 seconds.
  path: Assets/TextMesh Pro/Fonts/Avgardd.ttf
  artifactKey: Guid(c4f3829b404adeb43b499c70bb72248c) Importer(815301076,1909f56bfc062723c751e8b465ee728b)
Start importing Assets/TextMesh Pro/Fonts/Avgardd.ttf using Guid(c4f3829b404adeb43b499c70bb72248c) Importer(815301076,1909f56bfc062723c751e8b465ee728b)  -> (artifact id: '3224f8d08ea942be72298ca5e045aa5a') in 0.019807 seconds 
========================================================================
Received Import Request.
  Time since last request: 0.000017 seconds.
  path: Assets/Material/CantBuild.mat
  artifactKey: Guid(28adc41c063632840b7f932d81066f51) Importer(815301076,1909f56bfc062723c751e8b465ee728b)
Start importing Assets/Material/CantBuild.mat using Guid(28adc41c063632840b7f932d81066f51) Importer(815301076,1909f56bfc062723c751e8b465ee728b)  -> (artifact id: '8ab01a3d32273644e3fd5bc950d96def') in 0.212864 seconds 
========================================================================
Received Import Request.
  Time since last request: 0.000016 seconds.
  path: Assets/Animation/Animation Weapons/FPS Model.fbx
  artifactKey: Guid(b8c2ba82212d4204296115dad8c55ee6) Importer(815301076,1909f56bfc062723c751e8b465ee728b)
Start importing Assets/Animation/Animation Weapons/FPS Model.fbx using Guid(b8c2ba82212d4204296115dad8c55ee6) Importer(815301076,1909f56bfc062723c751e8b465ee728b)  -> (artifact id: '09071e1ecc401cc13cd407b4184d340a') in 0.198901 seconds 
========================================================================
Received Import Request.
  Time since last request: 0.000025 seconds.
  path: Assets/FBX/Arms.fbx
  artifactKey: Guid(9e3e2a79790055f418c91872d4179093) Importer(815301076,1909f56bfc062723c751e8b465ee728b)
Start importing Assets/FBX/Arms.fbx using Guid(9e3e2a79790055f418c91872d4179093) Importer(815301076,1909f56bfc062723c751e8b465ee728b)  -> (artifact id: '5e9cff448e3e010cceb73a41173feb6d') in 0.198609 seconds 
========================================================================
Received Import Request.
  Time since last request: 1.453685 seconds.
  path: Assets/TextMesh Pro/Fonts/LiberationSans.ttf
  artifactKey: Guid(e3265ab4bf004d28a9537516768c1c75) Importer(815301076,1909f56bfc062723c751e8b465ee728b)
Start importing Assets/TextMesh Pro/Fonts/LiberationSans.ttf using Guid(e3265ab4bf004d28a9537516768c1c75) Importer(815301076,1909f56bfc062723c751e8b465ee728b)  -> (artifact id: '86e85d55384b22641579099d0f1ce7e8') in 0.018039 seconds 
========================================================================
Received Import Request.
  Time since last request: 0.000017 seconds.
  path: Assets/AllSkyFree/_AllSkyFreeDemoEnvironment/Materials/Landscape.mat
  artifactKey: Guid(1045d2cff7dde4d3ab5feb4f0dbc7f8f) Importer(815301076,1909f56bfc062723c751e8b465ee728b)
Start importing Assets/AllSkyFree/_AllSkyFreeDemoEnvironment/Materials/Landscape.mat using Guid(1045d2cff7dde4d3ab5feb4f0dbc7f8f) Importer(815301076,1909f56bfc062723c751e8b465ee728b)  -> (artifact id: '61833b233a985db4f9b23bc725a5aef7') in 0.021025 seconds 
========================================================================
Received Import Request.
  Time since last request: 0.202268 seconds.
  path: Assets/TextMesh Pro/Resources/Fonts & Materials/LiberationSans SDF - Outline.mat
  artifactKey: Guid(79459efec17a4d00a321bdcc27bbc385) Importer(815301076,1909f56bfc062723c751e8b465ee728b)
Start importing Assets/TextMesh Pro/Resources/Fonts & Materials/LiberationSans SDF - Outline.mat using Guid(79459efec17a4d00a321bdcc27bbc385) Importer(815301076,1909f56bfc062723c751e8b465ee728b)  -> (artifact id: 'cc50c5f51242c5f8a9be3227df22485a') in 0.044692 seconds 
========================================================================
Received Import Request.
  Time since last request: 0.000016 seconds.
  path: Assets/FBX/grass.fbx
  artifactKey: Guid(c77cbd8a3fec8c14582131b2a981d9cf) Importer(815301076,1909f56bfc062723c751e8b465ee728b)
Start importing Assets/FBX/grass.fbx using Guid(c77cbd8a3fec8c14582131b2a981d9cf) Importer(815301076,1909f56bfc062723c751e8b465ee728b)  -> (artifact id: '823600a163313d37feb9891d10e13985') in 0.035799 seconds 
========================================================================
Received Import Request.
  Time since last request: 4.540224 seconds.
  path: Assets/Animation/Animation Weapons/Personaje Anim.fbx
  artifactKey: Guid(aaab28c84ce82c04b8b20b4e99b3dd90) Importer(815301076,1909f56bfc062723c751e8b465ee728b)
Start importing Assets/Animation/Animation Weapons/Personaje Anim.fbx using Guid(aaab28c84ce82c04b8b20b4e99b3dd90) Importer(815301076,1909f56bfc062723c751e8b465ee728b)  -> (artifact id: '8db8d7da17fbfd9fe3e30d1b32a2fbab') in 0.241594 seconds 
========================================================================
Received Import Request.
  Time since last request: 5.336474 seconds.
  path: Assets/Material/Particle.mat
  artifactKey: Guid(4b779afcd8ca36f408ed99baf1f5225f) Importer(815301076,1909f56bfc062723c751e8b465ee728b)
Start importing Assets/Material/Particle.mat using Guid(4b779afcd8ca36f408ed99baf1f5225f) Importer(815301076,1909f56bfc062723c751e8b465ee728b)  -> (artifact id: 'f1f3c6ce033c8fb9034aaa6e9df5785e') in 0.064155 seconds 
========================================================================
Received Import Request.
  Time since last request: 0.000016 seconds.
  path: Assets/Material/White.mat
  artifactKey: Guid(5e0d8ed5c9af2524cbe2a5575875cdcd) Importer(815301076,1909f56bfc062723c751e8b465ee728b)
Start importing Assets/Material/White.mat using Guid(5e0d8ed5c9af2524cbe2a5575875cdcd) Importer(815301076,1909f56bfc062723c751e8b465ee728b)  -> (artifact id: '657fddb50afd232cd96e3f51446fcab7') in 0.031725 seconds 
========================================================================
Received Import Request.
  Time since last request: 12.440844 seconds.
  path: Assets/Animation/Animation Weapons/Personaje Anim.fbx
  artifactKey: Guid(aaab28c84ce82c04b8b20b4e99b3dd90) Importer(815301076,1909f56bfc062723c751e8b465ee728b)
Start importing Assets/Animation/Animation Weapons/Personaje Anim.fbx using Guid(aaab28c84ce82c04b8b20b4e99b3dd90) Importer(815301076,1909f56bfc062723c751e8b465ee728b)  -> (artifact id: 'bccbccb9109077eff02eb1a377909292') in 0.368564 seconds 
========================================================================
Received Prepare
Registering precompiled user dll's ...
Registered in 0.001878 seconds.
Begin MonoManager ReloadAssembly
Symbol file LoadedFromMemory is not a mono symbol file
Native extension for WindowsStandalone target not found
Refreshing native plugins compatible for Editor in 0.41 ms, found 2 plugins.
Preloading 0 native plugins for Editor in 0.00 ms.
Mono: successfully reloaded assembly
- Completed reload, in  0.727 seconds
Domain Reload Profiling:
	ReloadAssembly (728ms)
		BeginReloadAssembly (115ms)
			ExecutionOrderSort (0ms)
			DisableScriptedObjects (4ms)
			BackupInstance (0ms)
			ReleaseScriptingObjects (0ms)
			CreateAndSetChildDomain (32ms)
		EndReloadAssembly (535ms)
			LoadAssemblies (74ms)
			RebuildTransferFunctionScriptingTraits (0ms)
			SetupTypeCache (138ms)
			ReleaseScriptCaches (1ms)
			RebuildScriptCaches (36ms)
			SetupLoadedEditorAssemblies (258ms)
				LogAssemblyErrors (0ms)
				InitializePlatformSupportModulesInManaged (12ms)
				SetLoadedEditorAssemblies (0ms)
				RefreshPlugins (0ms)
				BeforeProcessingInitializeOnLoad (43ms)
				ProcessInitializeOnLoadAttributes (176ms)
				ProcessInitializeOnLoadMethodAttributes (21ms)
				AfterProcessingInitializeOnLoad (6ms)
				EditorAssembliesLoaded (0ms)
			ExecutionOrderSort2 (0ms)
			AwakeInstancesAfterBackupRestoration (4ms)
Platform modules already initialized, skipping
Refreshing native plugins compatible for Editor in 0.92 ms, found 2 plugins.
Preloading 0 native plugins for Editor in 0.00 ms.
Unloading 1682 Unused Serialized files (Serialized files now loaded: 0)
Unloading 9 unused Assets / (24.7 KB). Loaded Objects now: 2229.
Memory consumption went from 93.8 MB to 93.8 MB.
Total: 2.730700 ms (FindLiveObjects: 0.159600 ms CreateObjectMapping: 0.067400 ms MarkObjects: 2.476900 ms  DeleteObjects: 0.025700 ms)

AssetImportParameters requested are different than current active one (requested -> active):
  custom:video-decoder-ogg-theora: a1e56fd34408186e4bbccfd4996cb3dc -> 
  custom:container-muxer-webm: aa71ff27fc2769a1b78a27578f13a17b -> 
  custom:container-demuxer-webm: 4f35f7cbe854078d1ac9338744f61a02 -> 
  custom:video-encoder-webm-vp8: eb34c28f22e8b96e1ab97ce403110664 -> 
  custom:audio-encoder-webm-vorbis: bf7c407c2cedff20999df2af8eb42d56 -> 
  custom:framework-win-MediaFoundation: 216162199b28c13a410421893ffa2e32 -> 
  custom:container-demuxer-ogg: 62fdf1f143b41e24485cea50d1cbac27 -> 
  custom:video-decoder-webm-vp8: 9c59270c3fd7afecdb556c50c9e8de78 -> 
  custom:audio-decoder-ogg-vorbis: bf7c407c2cedff20999df2af8eb42d56 -> 
========================================================================
Received Prepare
Registering precompiled user dll's ...
Registered in 0.001622 seconds.
Begin MonoManager ReloadAssembly
Symbol file LoadedFromMemory is not a mono symbol file
Native extension for WindowsStandalone target not found
Refreshing native plugins compatible for Editor in 0.32 ms, found 2 plugins.
Preloading 0 native plugins for Editor in 0.00 ms.
Mono: successfully reloaded assembly
- Completed reload, in  0.751 seconds
Domain Reload Profiling:
	ReloadAssembly (752ms)
		BeginReloadAssembly (103ms)
			ExecutionOrderSort (0ms)
			DisableScriptedObjects (5ms)
			BackupInstance (0ms)
			ReleaseScriptingObjects (0ms)
			CreateAndSetChildDomain (22ms)
		EndReloadAssembly (554ms)
			LoadAssemblies (66ms)
			RebuildTransferFunctionScriptingTraits (0ms)
			SetupTypeCache (149ms)
			ReleaseScriptCaches (1ms)
			RebuildScriptCaches (38ms)
			SetupLoadedEditorAssemblies (266ms)
				LogAssemblyErrors (0ms)
				InitializePlatformSupportModulesInManaged (11ms)
				SetLoadedEditorAssemblies (0ms)
				RefreshPlugins (0ms)
				BeforeProcessingInitializeOnLoad (42ms)
				ProcessInitializeOnLoadAttributes (182ms)
				ProcessInitializeOnLoadMethodAttributes (24ms)
				AfterProcessingInitializeOnLoad (8ms)
				EditorAssembliesLoaded (0ms)
			ExecutionOrderSort2 (0ms)
			AwakeInstancesAfterBackupRestoration (5ms)
Platform modules already initialized, skipping
Refreshing native plugins compatible for Editor in 0.94 ms, found 2 plugins.
Preloading 0 native plugins for Editor in 0.00 ms.
Unloading 1682 Unused Serialized files (Serialized files now loaded: 0)
Unloading 9 unused Assets / (24.6 KB). Loaded Objects now: 2232.
Memory consumption went from 93.8 MB to 93.8 MB.
Total: 2.284400 ms (FindLiveObjects: 0.161900 ms CreateObjectMapping: 0.076200 ms MarkObjects: 2.031100 ms  DeleteObjects: 0.014200 ms)

AssetImportParameters requested are different than current active one (requested -> active):
  custom:video-decoder-ogg-theora: a1e56fd34408186e4bbccfd4996cb3dc -> 
  custom:container-muxer-webm: aa71ff27fc2769a1b78a27578f13a17b -> 
  custom:container-demuxer-webm: 4f35f7cbe854078d1ac9338744f61a02 -> 
  custom:video-encoder-webm-vp8: eb34c28f22e8b96e1ab97ce403110664 -> 
  custom:audio-encoder-webm-vorbis: bf7c407c2cedff20999df2af8eb42d56 -> 
  custom:framework-win-MediaFoundation: 216162199b28c13a410421893ffa2e32 -> 
  custom:container-demuxer-ogg: 62fdf1f143b41e24485cea50d1cbac27 -> 
  custom:video-decoder-webm-vp8: 9c59270c3fd7afecdb556c50c9e8de78 -> 
  custom:audio-decoder-ogg-vorbis: bf7c407c2cedff20999df2af8eb42d56 -> 
========================================================================
Received Prepare
Registering precompiled user dll's ...
Registered in 0.002459 seconds.
Begin MonoManager ReloadAssembly
Symbol file LoadedFromMemory is not a mono symbol file
Native extension for WindowsStandalone target not found
Refreshing native plugins compatible for Editor in 0.34 ms, found 2 plugins.
Preloading 0 native plugins for Editor in 0.00 ms.
Mono: successfully reloaded assembly
- Completed reload, in  0.750 seconds
Domain Reload Profiling:
	ReloadAssembly (751ms)
		BeginReloadAssembly (108ms)
			ExecutionOrderSort (0ms)
			DisableScriptedObjects (7ms)
			BackupInstance (0ms)
			ReleaseScriptingObjects (0ms)
			CreateAndSetChildDomain (24ms)
		EndReloadAssembly (561ms)
			LoadAssemblies (70ms)
			RebuildTransferFunctionScriptingTraits (0ms)
			SetupTypeCache (144ms)
			ReleaseScriptCaches (1ms)
			RebuildScriptCaches (35ms)
			SetupLoadedEditorAssemblies (277ms)
				LogAssemblyErrors (0ms)
				InitializePlatformSupportModulesInManaged (11ms)
				SetLoadedEditorAssemblies (0ms)
				RefreshPlugins (0ms)
				BeforeProcessingInitializeOnLoad (50ms)
				ProcessInitializeOnLoadAttributes (182ms)
				ProcessInitializeOnLoadMethodAttributes (26ms)
				AfterProcessingInitializeOnLoad (6ms)
				EditorAssembliesLoaded (0ms)
			ExecutionOrderSort2 (0ms)
			AwakeInstancesAfterBackupRestoration (5ms)
Platform modules already initialized, skipping
Refreshing native plugins compatible for Editor in 1.21 ms, found 2 plugins.
Preloading 0 native plugins for Editor in 0.00 ms.
Unloading 1682 Unused Serialized files (Serialized files now loaded: 0)
Unloading 9 unused Assets / (24.7 KB). Loaded Objects now: 2235.
Memory consumption went from 93.8 MB to 93.8 MB.
Total: 2.070000 ms (FindLiveObjects: 0.140800 ms CreateObjectMapping: 0.054300 ms MarkObjects: 1.860800 ms  DeleteObjects: 0.012900 ms)

AssetImportParameters requested are different than current active one (requested -> active):
  custom:video-decoder-ogg-theora: a1e56fd34408186e4bbccfd4996cb3dc -> 
  custom:container-muxer-webm: aa71ff27fc2769a1b78a27578f13a17b -> 
  custom:container-demuxer-webm: 4f35f7cbe854078d1ac9338744f61a02 -> 
  custom:video-encoder-webm-vp8: eb34c28f22e8b96e1ab97ce403110664 -> 
  custom:audio-encoder-webm-vorbis: bf7c407c2cedff20999df2af8eb42d56 -> 
  custom:framework-win-MediaFoundation: 216162199b28c13a410421893ffa2e32 -> 
  custom:container-demuxer-ogg: 62fdf1f143b41e24485cea50d1cbac27 -> 
  custom:video-decoder-webm-vp8: 9c59270c3fd7afecdb556c50c9e8de78 -> 
  custom:audio-decoder-ogg-vorbis: bf7c407c2cedff20999df2af8eb42d56 -> 
========================================================================
Received Import Request.
  Time since last request: 1857.497314 seconds.
  path: Assets/Animation/Animation Weapons/FPS Anim.fbx
  artifactKey: Guid(def136b6ea0da4c4dac7490092c20482) Importer(815301076,1909f56bfc062723c751e8b465ee728b)
Start importing Assets/Animation/Animation Weapons/FPS Anim.fbx using Guid(def136b6ea0da4c4dac7490092c20482) Importer(815301076,1909f56bfc062723c751e8b465ee728b)  -> (artifact id: 'f7880407569648913a1d43a598c2ed48') in 0.344004 seconds 
========================================================================
Received Import Request.
  Time since last request: 57.904418 seconds.
  path: Assets/AnimatorController/Player.controller
  artifactKey: Guid(70624af9e7197fc47a8fe6b7df27b076) Importer(815301076,1909f56bfc062723c751e8b465ee728b)
Start importing Assets/AnimatorController/Player.controller using Guid(70624af9e7197fc47a8fe6b7df27b076) Importer(815301076,1909f56bfc062723c751e8b465ee728b)  -> (artifact id: 'b93e9d187b490f702cb406a51ac49c0b') in 0.011122 seconds 
========================================================================
Received Import Request.
  Time since last request: 490.514565 seconds.
  path: Assets/Animation/Animation Weapons/Personaje Anim.fbx
  artifactKey: Guid(aaab28c84ce82c04b8b20b4e99b3dd90) Importer(815301076,1909f56bfc062723c751e8b465ee728b)
Start importing Assets/Animation/Animation Weapons/Personaje Anim.fbx using Guid(aaab28c84ce82c04b8b20b4e99b3dd90) Importer(815301076,1909f56bfc062723c751e8b465ee728b)  -> (artifact id: 'eb8ae779a5f9ed0c33d722b8e382d28d') in 0.230333 seconds 
========================================================================
Received Import Request.
  Time since last request: 46.389180 seconds.
  path: Assets/Animation/Animation Weapons/Personaje Anim.fbx
  artifactKey: Guid(aaab28c84ce82c04b8b20b4e99b3dd90) Importer(815301076,1909f56bfc062723c751e8b465ee728b)
Start importing Assets/Animation/Animation Weapons/Personaje Anim.fbx using Guid(aaab28c84ce82c04b8b20b4e99b3dd90) Importer(815301076,1909f56bfc062723c751e8b465ee728b)  -> (artifact id: '4713051814e4483cd34f22ad5474caad') in 0.291335 seconds 
========================================================================
Received Import Request.
  Time since last request: 65.415011 seconds.
  path: Assets/Animation/Animation Weapons/Personaje Anim.fbx
  artifactKey: Guid(aaab28c84ce82c04b8b20b4e99b3dd90) Importer(815301076,1909f56bfc062723c751e8b465ee728b)
Start importing Assets/Animation/Animation Weapons/Personaje Anim.fbx using Guid(aaab28c84ce82c04b8b20b4e99b3dd90) Importer(815301076,1909f56bfc062723c751e8b465ee728b)  -> (artifact id: '10d88aef05a4ecea03b97c10970bcd9d') in 0.221981 seconds 
========================================================================
Received Import Request.
  Time since last request: 111.433006 seconds.
  path: Assets/Animation/Animation Weapons/Personaje Anim.fbx
  artifactKey: Guid(aaab28c84ce82c04b8b20b4e99b3dd90) Importer(815301076,1909f56bfc062723c751e8b465ee728b)
Start importing Assets/Animation/Animation Weapons/Personaje Anim.fbx using Guid(aaab28c84ce82c04b8b20b4e99b3dd90) Importer(815301076,1909f56bfc062723c751e8b465ee728b)  -> (artifact id: '3cdb1a93c040ad73524ccea764b05dbf') in 0.238050 seconds 
========================================================================
Received Import Request.
  Time since last request: 53.975113 seconds.
  path: Assets/Animation/Animation Weapons/Personaje Anim.fbx
  artifactKey: Guid(aaab28c84ce82c04b8b20b4e99b3dd90) Importer(815301076,1909f56bfc062723c751e8b465ee728b)
Start importing Assets/Animation/Animation Weapons/Personaje Anim.fbx using Guid(aaab28c84ce82c04b8b20b4e99b3dd90) Importer(815301076,1909f56bfc062723c751e8b465ee728b)  -> (artifact id: 'ba9f405ced9aef8ba7fdd51061b2b964') in 0.313489 seconds 
========================================================================
Received Import Request.
  Time since last request: 37.428000 seconds.
  path: Assets/Animation/Animation Weapons/Personaje Anim.fbx
  artifactKey: Guid(aaab28c84ce82c04b8b20b4e99b3dd90) Importer(815301076,1909f56bfc062723c751e8b465ee728b)
Start importing Assets/Animation/Animation Weapons/Personaje Anim.fbx using Guid(aaab28c84ce82c04b8b20b4e99b3dd90) Importer(815301076,1909f56bfc062723c751e8b465ee728b)  -> (artifact id: '3f3871aae2e32938779416c8b9d271ca') in 0.296053 seconds 
========================================================================
Received Import Request.
  Time since last request: 26.045779 seconds.
  path: Assets/Animation/Animation Weapons/Personaje Anim.fbx
  artifactKey: Guid(aaab28c84ce82c04b8b20b4e99b3dd90) Importer(815301076,1909f56bfc062723c751e8b465ee728b)
Start importing Assets/Animation/Animation Weapons/Personaje Anim.fbx using Guid(aaab28c84ce82c04b8b20b4e99b3dd90) Importer(815301076,1909f56bfc062723c751e8b465ee728b)  -> (artifact id: 'e04cee86fcb0b50389c64d7c4a1d9731') in 0.296058 seconds 
========================================================================
Received Import Request.
  Time since last request: 43.887442 seconds.
  path: Assets/AnimatorController/Player.controller
  artifactKey: Guid(517eedd8545b08b4db6d503fe6702e14) Importer(815301076,1909f56bfc062723c751e8b465ee728b)
Start importing Assets/AnimatorController/Player.controller using Guid(517eedd8545b08b4db6d503fe6702e14) Importer(815301076,1909f56bfc062723c751e8b465ee728b)  -> (artifact id: 'c67abcff30892a8a94819f316c6c037d') in 0.003440 seconds 
========================================================================
Received Import Request.
  Time since last request: 27.986422 seconds.
  path: Assets/Animation/Animation Weapons/Personaje Anim.fbx
  artifactKey: Guid(aaab28c84ce82c04b8b20b4e99b3dd90) Importer(815301076,1909f56bfc062723c751e8b465ee728b)
Start importing Assets/Animation/Animation Weapons/Personaje Anim.fbx using Guid(aaab28c84ce82c04b8b20b4e99b3dd90) Importer(815301076,1909f56bfc062723c751e8b465ee728b)  -> (artifact id: '9c616700b6f662a36b7d76fabec99257') in 0.269146 seconds 
========================================================================
Received Import Request.
  Time since last request: 318.717683 seconds.
  path: Assets/AnimatorController/Player.controller
  artifactKey: Guid(28700e37d9e20924c9783af59f5c2679) Importer(815301076,1909f56bfc062723c751e8b465ee728b)
Start importing Assets/AnimatorController/Player.controller using Guid(28700e37d9e20924c9783af59f5c2679) Importer(815301076,1909f56bfc062723c751e8b465ee728b)  -> (artifact id: '067b6128d7d8b81b63831bdcc01d5d30') in 0.004833 seconds 
========================================================================
Received Import Request.
  Time since last request: 65.521032 seconds.
  path: Assets/Animation/Animation Weapons/Personaje Anim.fbx
  artifactKey: Guid(aaab28c84ce82c04b8b20b4e99b3dd90) Importer(815301076,1909f56bfc062723c751e8b465ee728b)
Start importing Assets/Animation/Animation Weapons/Personaje Anim.fbx using Guid(aaab28c84ce82c04b8b20b4e99b3dd90) Importer(815301076,1909f56bfc062723c751e8b465ee728b)  -> (artifact id: 'e94354b3c76af419f79e46bc451454c9') in 0.283161 seconds 
========================================================================
Received Import Request.
  Time since last request: 31.883343 seconds.
  path: Assets/Animation/Animation Weapons/Personaje Anim.fbx
  artifactKey: Guid(aaab28c84ce82c04b8b20b4e99b3dd90) Importer(815301076,1909f56bfc062723c751e8b465ee728b)
Start importing Assets/Animation/Animation Weapons/Personaje Anim.fbx using Guid(aaab28c84ce82c04b8b20b4e99b3dd90) Importer(815301076,1909f56bfc062723c751e8b465ee728b)  -> (artifact id: '730bb58a1e8d640b3c62de17c5e22671') in 0.279617 seconds 
========================================================================
Received Prepare
Registering precompiled user dll's ...
Registered in 0.001619 seconds.
Begin MonoManager ReloadAssembly
Symbol file LoadedFromMemory is not a mono symbol file
Native extension for WindowsStandalone target not found
Refreshing native plugins compatible for Editor in 0.33 ms, found 2 plugins.
Preloading 0 native plugins for Editor in 0.00 ms.
Mono: successfully reloaded assembly
- Completed reload, in  0.780 seconds
Domain Reload Profiling:
	ReloadAssembly (780ms)
		BeginReloadAssembly (114ms)
			ExecutionOrderSort (0ms)
			DisableScriptedObjects (4ms)
			BackupInstance (0ms)
			ReleaseScriptingObjects (0ms)
			CreateAndSetChildDomain (29ms)
		EndReloadAssembly (586ms)
			LoadAssemblies (76ms)
			RebuildTransferFunctionScriptingTraits (0ms)
			SetupTypeCache (154ms)
			ReleaseScriptCaches (1ms)
			RebuildScriptCaches (37ms)
			SetupLoadedEditorAssemblies (283ms)
				LogAssemblyErrors (0ms)
				InitializePlatformSupportModulesInManaged (11ms)
				SetLoadedEditorAssemblies (0ms)
				RefreshPlugins (0ms)
				BeforeProcessingInitializeOnLoad (48ms)
				ProcessInitializeOnLoadAttributes (190ms)
				ProcessInitializeOnLoadMethodAttributes (26ms)
				AfterProcessingInitializeOnLoad (7ms)
				EditorAssembliesLoaded (0ms)
			ExecutionOrderSort2 (0ms)
			AwakeInstancesAfterBackupRestoration (5ms)
Platform modules already initialized, skipping
Refreshing native plugins compatible for Editor in 1.02 ms, found 2 plugins.
Preloading 0 native plugins for Editor in 0.00 ms.
Unloading 1682 Unused Serialized files (Serialized files now loaded: 0)
Unloading 9 unused Assets / (24.6 KB). Loaded Objects now: 2238.
Memory consumption went from 94.6 MB to 94.6 MB.
Total: 2.451000 ms (FindLiveObjects: 0.154000 ms CreateObjectMapping: 0.065300 ms MarkObjects: 2.216100 ms  DeleteObjects: 0.014500 ms)

AssetImportParameters requested are different than current active one (requested -> active):
  custom:video-decoder-ogg-theora: a1e56fd34408186e4bbccfd4996cb3dc -> 
  custom:container-muxer-webm: aa71ff27fc2769a1b78a27578f13a17b -> 
  custom:container-demuxer-webm: 4f35f7cbe854078d1ac9338744f61a02 -> 
  custom:video-encoder-webm-vp8: eb34c28f22e8b96e1ab97ce403110664 -> 
  custom:audio-encoder-webm-vorbis: bf7c407c2cedff20999df2af8eb42d56 -> 
  custom:framework-win-MediaFoundation: 216162199b28c13a410421893ffa2e32 -> 
  custom:container-demuxer-ogg: 62fdf1f143b41e24485cea50d1cbac27 -> 
  custom:video-decoder-webm-vp8: 9c59270c3fd7afecdb556c50c9e8de78 -> 
  custom:audio-decoder-ogg-vorbis: bf7c407c2cedff20999df2af8eb42d56 -> 
========================================================================
Received Prepare
Registering precompiled user dll's ...
Registered in 0.001798 seconds.
Begin MonoManager ReloadAssembly
Symbol file LoadedFromMemory is not a mono symbol file
Native extension for WindowsStandalone target not found
Refreshing native plugins compatible for Editor in 0.30 ms, found 2 plugins.
Preloading 0 native plugins for Editor in 0.00 ms.
Mono: successfully reloaded assembly
- Completed reload, in  0.775 seconds
Domain Reload Profiling:
	ReloadAssembly (775ms)
		BeginReloadAssembly (107ms)
			ExecutionOrderSort (0ms)
			DisableScriptedObjects (6ms)
			BackupInstance (0ms)
			ReleaseScriptingObjects (0ms)
			CreateAndSetChildDomain (24ms)
		EndReloadAssembly (579ms)
			LoadAssemblies (72ms)
			RebuildTransferFunctionScriptingTraits (0ms)
			SetupTypeCache (167ms)
			ReleaseScriptCaches (1ms)
			RebuildScriptCaches (39ms)
			SetupLoadedEditorAssemblies (261ms)
				LogAssemblyErrors (0ms)
				InitializePlatformSupportModulesInManaged (11ms)
				SetLoadedEditorAssemblies (0ms)
				RefreshPlugins (0ms)
				BeforeProcessingInitializeOnLoad (43ms)
				ProcessInitializeOnLoadAttributes (177ms)
				ProcessInitializeOnLoadMethodAttributes (22ms)
				AfterProcessingInitializeOnLoad (7ms)
				EditorAssembliesLoaded (0ms)
			ExecutionOrderSort2 (0ms)
			AwakeInstancesAfterBackupRestoration (5ms)
Platform modules already initialized, skipping
Refreshing native plugins compatible for Editor in 0.88 ms, found 2 plugins.
Preloading 0 native plugins for Editor in 0.00 ms.
Unloading 1682 Unused Serialized files (Serialized files now loaded: 0)
Unloading 9 unused Assets / (24.6 KB). Loaded Objects now: 2241.
Memory consumption went from 94.6 MB to 94.6 MB.
Total: 2.074400 ms (FindLiveObjects: 0.140200 ms CreateObjectMapping: 0.081900 ms MarkObjects: 1.840100 ms  DeleteObjects: 0.011200 ms)

AssetImportParameters requested are different than current active one (requested -> active):
  custom:video-decoder-ogg-theora: a1e56fd34408186e4bbccfd4996cb3dc -> 
  custom:container-muxer-webm: aa71ff27fc2769a1b78a27578f13a17b -> 
  custom:container-demuxer-webm: 4f35f7cbe854078d1ac9338744f61a02 -> 
  custom:video-encoder-webm-vp8: eb34c28f22e8b96e1ab97ce403110664 -> 
  custom:audio-encoder-webm-vorbis: bf7c407c2cedff20999df2af8eb42d56 -> 
  custom:framework-win-MediaFoundation: 216162199b28c13a410421893ffa2e32 -> 
  custom:container-demuxer-ogg: 62fdf1f143b41e24485cea50d1cbac27 -> 
  custom:video-decoder-webm-vp8: 9c59270c3fd7afecdb556c50c9e8de78 -> 
  custom:audio-decoder-ogg-vorbis: bf7c407c2cedff20999df2af8eb42d56 -> 
========================================================================
Received Import Request.
  Time since last request: 250.388579 seconds.
  path: Assets/AnimatorController/Player.controller
  artifactKey: Guid(28700e37d9e20924c9783af59f5c2679) Importer(815301076,1909f56bfc062723c751e8b465ee728b)
Start importing Assets/AnimatorController/Player.controller using Guid(28700e37d9e20924c9783af59f5c2679) Importer(815301076,1909f56bfc062723c751e8b465ee728b)  -> (artifact id: '258ca5b8ff035230c2abfe92be161332') in 0.016139 seconds 
========================================================================
Received Import Request.
  Time since last request: 88.647726 seconds.
  path: Assets/Animation/Animation Weapons/Personaje Anim.fbx
  artifactKey: Guid(aaab28c84ce82c04b8b20b4e99b3dd90) Importer(815301076,1909f56bfc062723c751e8b465ee728b)
Start importing Assets/Animation/Animation Weapons/Personaje Anim.fbx using Guid(aaab28c84ce82c04b8b20b4e99b3dd90) Importer(815301076,1909f56bfc062723c751e8b465ee728b)  -> (artifact id: '03dc89fd9da35188f68f1f0cef4cefd4') in 0.307333 seconds 
========================================================================
Received Import Request.
  Time since last request: 90.684814 seconds.
  path: Assets/Animation/Animation Weapons/Personaje Anim.fbx
  artifactKey: Guid(aaab28c84ce82c04b8b20b4e99b3dd90) Importer(815301076,1909f56bfc062723c751e8b465ee728b)
Start importing Assets/Animation/Animation Weapons/Personaje Anim.fbx using Guid(aaab28c84ce82c04b8b20b4e99b3dd90) Importer(815301076,1909f56bfc062723c751e8b465ee728b)  -> (artifact id: 'b51754d817165a84de11e8e56c268fdd') in 0.279613 seconds 
========================================================================
Received Import Request.
  Time since last request: 319.638294 seconds.
  path: Assets/Animation/Animation Weapons/Personaje Anim.fbx
  artifactKey: Guid(aaab28c84ce82c04b8b20b4e99b3dd90) Importer(815301076,1909f56bfc062723c751e8b465ee728b)
Start importing Assets/Animation/Animation Weapons/Personaje Anim.fbx using Guid(aaab28c84ce82c04b8b20b4e99b3dd90) Importer(815301076,1909f56bfc062723c751e8b465ee728b)  -> (artifact id: 'fd4cff0f243f34c8bb379129ff372c5a') in 0.316708 seconds 
========================================================================
Received Import Request.
  Time since last request: 256.940734 seconds.
  path: Assets/Animation/Animation Weapons/Personaje Anim.fbx
  artifactKey: Guid(aaab28c84ce82c04b8b20b4e99b3dd90) Importer(815301076,1909f56bfc062723c751e8b465ee728b)
Start importing Assets/Animation/Animation Weapons/Personaje Anim.fbx using Guid(aaab28c84ce82c04b8b20b4e99b3dd90) Importer(815301076,1909f56bfc062723c751e8b465ee728b)  -> (artifact id: '7097cd19bb33983ca13462be137958c7') in 0.280842 seconds 
========================================================================
Received Import Request.
  Time since last request: 758.097699 seconds.
  path: Assets/Animation/Animation Weapons/Personaje Anim.fbx
  artifactKey: Guid(aaab28c84ce82c04b8b20b4e99b3dd90) Importer(815301076,1909f56bfc062723c751e8b465ee728b)
Start importing Assets/Animation/Animation Weapons/Personaje Anim.fbx using Guid(aaab28c84ce82c04b8b20b4e99b3dd90) Importer(815301076,1909f56bfc062723c751e8b465ee728b)  -> (artifact id: '1bb5b8399d31138e2e93e19633e1c95b') in 0.282227 seconds 
========================================================================
Received Import Request.
  Time since last request: 24.454902 seconds.
  path: Assets/Animation/Animation Weapons/Personaje Anim.fbx
  artifactKey: Guid(aaab28c84ce82c04b8b20b4e99b3dd90) Importer(815301076,1909f56bfc062723c751e8b465ee728b)
Start importing Assets/Animation/Animation Weapons/Personaje Anim.fbx using Guid(aaab28c84ce82c04b8b20b4e99b3dd90) Importer(815301076,1909f56bfc062723c751e8b465ee728b)  -> (artifact id: 'b2eb9c928e6a213c96845b62f0954979') in 0.275162 seconds 
========================================================================
Received Import Request.
  Time since last request: 24.521900 seconds.
  path: Assets/Animation/Animation Weapons/Personaje Anim.fbx
  artifactKey: Guid(aaab28c84ce82c04b8b20b4e99b3dd90) Importer(815301076,1909f56bfc062723c751e8b465ee728b)
Start importing Assets/Animation/Animation Weapons/Personaje Anim.fbx using Guid(aaab28c84ce82c04b8b20b4e99b3dd90) Importer(815301076,1909f56bfc062723c751e8b465ee728b)  -> (artifact id: '4832951a40faa27030c13201abc9b095') in 0.307519 seconds 
========================================================================
Received Import Request.
  Time since last request: 142.942519 seconds.
  path: Assets/Animation/Animation Weapons/Personaje Anim.fbx
  artifactKey: Guid(aaab28c84ce82c04b8b20b4e99b3dd90) Importer(815301076,1909f56bfc062723c751e8b465ee728b)
Start importing Assets/Animation/Animation Weapons/Personaje Anim.fbx using Guid(aaab28c84ce82c04b8b20b4e99b3dd90) Importer(815301076,1909f56bfc062723c751e8b465ee728b)  -> (artifact id: '20b60d39af8c2cdd9b27b2b5f6a3e1a3') in 0.291803 seconds 
========================================================================
Received Import Request.
  Time since last request: 590.182321 seconds.
  path: Assets/Animation/Animation Weapons/Anim.fbx
  artifactKey: Guid(e7ac4acc9c94a3e41b3f144d5825d522) Importer(815301076,1909f56bfc062723c751e8b465ee728b)
Start importing Assets/Animation/Animation Weapons/Anim.fbx using Guid(e7ac4acc9c94a3e41b3f144d5825d522) Importer(815301076,1909f56bfc062723c751e8b465ee728b)  -> (artifact id: 'db58ac9f6615aba6d18a07d258b2f4a4') in 0.021820 seconds 
========================================================================
Received Prepare
Registering precompiled user dll's ...
Registered in 0.001716 seconds.
Begin MonoManager ReloadAssembly
Symbol file LoadedFromMemory is not a mono symbol file
Native extension for WindowsStandalone target not found
Refreshing native plugins compatible for Editor in 0.32 ms, found 2 plugins.
Preloading 0 native plugins for Editor in 0.00 ms.
Mono: successfully reloaded assembly
- Completed reload, in  0.767 seconds
Domain Reload Profiling:
	ReloadAssembly (767ms)
		BeginReloadAssembly (107ms)
			ExecutionOrderSort (0ms)
			DisableScriptedObjects (5ms)
			BackupInstance (0ms)
			ReleaseScriptingObjects (0ms)
			CreateAndSetChildDomain (25ms)
		EndReloadAssembly (580ms)
			LoadAssemblies (74ms)
			RebuildTransferFunctionScriptingTraits (0ms)
			SetupTypeCache (150ms)
			ReleaseScriptCaches (1ms)
			RebuildScriptCaches (40ms)
			SetupLoadedEditorAssemblies (277ms)
				LogAssemblyErrors (0ms)
				InitializePlatformSupportModulesInManaged (12ms)
				SetLoadedEditorAssemblies (0ms)
				RefreshPlugins (0ms)
				BeforeProcessingInitializeOnLoad (51ms)
				ProcessInitializeOnLoadAttributes (178ms)
				ProcessInitializeOnLoadMethodAttributes (27ms)
				AfterProcessingInitializeOnLoad (7ms)
				EditorAssembliesLoaded (0ms)
			ExecutionOrderSort2 (0ms)
			AwakeInstancesAfterBackupRestoration (5ms)
Platform modules already initialized, skipping
Refreshing native plugins compatible for Editor in 0.91 ms, found 2 plugins.
Preloading 0 native plugins for Editor in 0.00 ms.
Unloading 1682 Unused Serialized files (Serialized files now loaded: 0)
Unloading 9 unused Assets / (24.8 KB). Loaded Objects now: 2244.
Memory consumption went from 94.7 MB to 94.6 MB.
Total: 2.198500 ms (FindLiveObjects: 0.150800 ms CreateObjectMapping: 0.063600 ms MarkObjects: 1.970600 ms  DeleteObjects: 0.012400 ms)

AssetImportParameters requested are different than current active one (requested -> active):
  custom:video-decoder-ogg-theora: a1e56fd34408186e4bbccfd4996cb3dc -> 
  custom:container-muxer-webm: aa71ff27fc2769a1b78a27578f13a17b -> 
  custom:container-demuxer-webm: 4f35f7cbe854078d1ac9338744f61a02 -> 
  custom:video-encoder-webm-vp8: eb34c28f22e8b96e1ab97ce403110664 -> 
  custom:audio-encoder-webm-vorbis: bf7c407c2cedff20999df2af8eb42d56 -> 
  custom:framework-win-MediaFoundation: 216162199b28c13a410421893ffa2e32 -> 
  custom:container-demuxer-ogg: 62fdf1f143b41e24485cea50d1cbac27 -> 
  custom:video-decoder-webm-vp8: 9c59270c3fd7afecdb556c50c9e8de78 -> 
  custom:audio-decoder-ogg-vorbis: bf7c407c2cedff20999df2af8eb42d56 -> 
========================================================================
Received Prepare
Registering precompiled user dll's ...
Registered in 0.001756 seconds.
Begin MonoManager ReloadAssembly
Symbol file LoadedFromMemory is not a mono symbol file
Native extension for WindowsStandalone target not found
Refreshing native plugins compatible for Editor in 0.36 ms, found 2 plugins.
Preloading 0 native plugins for Editor in 0.00 ms.
Mono: successfully reloaded assembly
- Completed reload, in  0.758 seconds
Domain Reload Profiling:
	ReloadAssembly (759ms)
		BeginReloadAssembly (111ms)
			ExecutionOrderSort (0ms)
			DisableScriptedObjects (5ms)
			BackupInstance (0ms)
			ReleaseScriptingObjects (0ms)
			CreateAndSetChildDomain (26ms)
		EndReloadAssembly (557ms)
			LoadAssemblies (67ms)
			RebuildTransferFunctionScriptingTraits (0ms)
			SetupTypeCache (142ms)
			ReleaseScriptCaches (1ms)
			RebuildScriptCaches (35ms)
			SetupLoadedEditorAssemblies (277ms)
				LogAssemblyErrors (0ms)
				InitializePlatformSupportModulesInManaged (11ms)
				SetLoadedEditorAssemblies (0ms)
				RefreshPlugins (0ms)
				BeforeProcessingInitializeOnLoad (42ms)
				ProcessInitializeOnLoadAttributes (191ms)
				ProcessInitializeOnLoadMethodAttributes (25ms)
				AfterProcessingInitializeOnLoad (6ms)
				EditorAssembliesLoaded (0ms)
			ExecutionOrderSort2 (0ms)
			AwakeInstancesAfterBackupRestoration (5ms)
Platform modules already initialized, skipping
Refreshing native plugins compatible for Editor in 0.93 ms, found 2 plugins.
Preloading 0 native plugins for Editor in 0.00 ms.
Unloading 1682 Unused Serialized files (Serialized files now loaded: 0)
Unloading 9 unused Assets / (24.7 KB). Loaded Objects now: 2247.
Memory consumption went from 94.7 MB to 94.7 MB.
Total: 2.099900 ms (FindLiveObjects: 0.156600 ms CreateObjectMapping: 0.069700 ms MarkObjects: 1.861300 ms  DeleteObjects: 0.011500 ms)

AssetImportParameters requested are different than current active one (requested -> active):
  custom:video-decoder-ogg-theora: a1e56fd34408186e4bbccfd4996cb3dc -> 
  custom:container-muxer-webm: aa71ff27fc2769a1b78a27578f13a17b -> 
  custom:container-demuxer-webm: 4f35f7cbe854078d1ac9338744f61a02 -> 
  custom:video-encoder-webm-vp8: eb34c28f22e8b96e1ab97ce403110664 -> 
  custom:audio-encoder-webm-vorbis: bf7c407c2cedff20999df2af8eb42d56 -> 
  custom:framework-win-MediaFoundation: 216162199b28c13a410421893ffa2e32 -> 
  custom:container-demuxer-ogg: 62fdf1f143b41e24485cea50d1cbac27 -> 
  custom:video-decoder-webm-vp8: 9c59270c3fd7afecdb556c50c9e8de78 -> 
  custom:audio-decoder-ogg-vorbis: bf7c407c2cedff20999df2af8eb42d56 -> 
========================================================================
Received Import Request.
  Time since last request: 191.443675 seconds.
  path: Assets/Animation/Animation Weapons/Personaje Anim.fbx
  artifactKey: Guid(aaab28c84ce82c04b8b20b4e99b3dd90) Importer(815301076,1909f56bfc062723c751e8b465ee728b)
Start importing Assets/Animation/Animation Weapons/Personaje Anim.fbx using Guid(aaab28c84ce82c04b8b20b4e99b3dd90) Importer(815301076,1909f56bfc062723c751e8b465ee728b)  -> (artifact id: '8a499df65dbd2f615350fd0a87464e6a') in 0.326560 seconds 
========================================================================
Received Import Request.
  Time since last request: 38.444382 seconds.
  path: Assets/Animation/Animation Weapons/Personaje Anim.fbx
  artifactKey: Guid(aaab28c84ce82c04b8b20b4e99b3dd90) Importer(815301076,1909f56bfc062723c751e8b465ee728b)
Start importing Assets/Animation/Animation Weapons/Personaje Anim.fbx using Guid(aaab28c84ce82c04b8b20b4e99b3dd90) Importer(815301076,1909f56bfc062723c751e8b465ee728b)  -> (artifact id: '3fc46445254ee639b84d6711d7778f35') in 0.264890 seconds 
========================================================================
Received Prepare
Registering precompiled user dll's ...
Registered in 0.001620 seconds.
Begin MonoManager ReloadAssembly
Symbol file LoadedFromMemory is not a mono symbol file
Native extension for WindowsStandalone target not found
Refreshing native plugins compatible for Editor in 0.33 ms, found 2 plugins.
Preloading 0 native plugins for Editor in 0.00 ms.
Mono: successfully reloaded assembly
- Completed reload, in  0.760 seconds
Domain Reload Profiling:
	ReloadAssembly (760ms)
		BeginReloadAssembly (107ms)
			ExecutionOrderSort (0ms)
			DisableScriptedObjects (5ms)
			BackupInstance (0ms)
			ReleaseScriptingObjects (0ms)
			CreateAndSetChildDomain (27ms)
		EndReloadAssembly (561ms)
			LoadAssemblies (70ms)
			RebuildTransferFunctionScriptingTraits (0ms)
			SetupTypeCache (154ms)
			ReleaseScriptCaches (1ms)
			RebuildScriptCaches (36ms)
			SetupLoadedEditorAssemblies (263ms)
				LogAssemblyErrors (0ms)
				InitializePlatformSupportModulesInManaged (11ms)
				SetLoadedEditorAssemblies (0ms)
				RefreshPlugins (0ms)
				BeforeProcessingInitializeOnLoad (42ms)
				ProcessInitializeOnLoadAttributes (180ms)
				ProcessInitializeOnLoadMethodAttributes (22ms)
				AfterProcessingInitializeOnLoad (6ms)
				EditorAssembliesLoaded (0ms)
			ExecutionOrderSort2 (0ms)
			AwakeInstancesAfterBackupRestoration (5ms)
Platform modules already initialized, skipping
Refreshing native plugins compatible for Editor in 1.14 ms, found 2 plugins.
Preloading 0 native plugins for Editor in 0.00 ms.
Unloading 1682 Unused Serialized files (Serialized files now loaded: 0)
Unloading 9 unused Assets / (24.6 KB). Loaded Objects now: 2250.
Memory consumption went from 94.7 MB to 94.7 MB.
Total: 2.428500 ms (FindLiveObjects: 0.172800 ms CreateObjectMapping: 0.081000 ms MarkObjects: 2.159700 ms  DeleteObjects: 0.013700 ms)

AssetImportParameters requested are different than current active one (requested -> active):
  custom:video-decoder-ogg-theora: a1e56fd34408186e4bbccfd4996cb3dc -> 
  custom:container-muxer-webm: aa71ff27fc2769a1b78a27578f13a17b -> 
  custom:container-demuxer-webm: 4f35f7cbe854078d1ac9338744f61a02 -> 
  custom:video-encoder-webm-vp8: eb34c28f22e8b96e1ab97ce403110664 -> 
  custom:audio-encoder-webm-vorbis: bf7c407c2cedff20999df2af8eb42d56 -> 
  custom:framework-win-MediaFoundation: 216162199b28c13a410421893ffa2e32 -> 
  custom:container-demuxer-ogg: 62fdf1f143b41e24485cea50d1cbac27 -> 
  custom:video-decoder-webm-vp8: 9c59270c3fd7afecdb556c50c9e8de78 -> 
  custom:audio-decoder-ogg-vorbis: bf7c407c2cedff20999df2af8eb42d56 -> 
========================================================================
Received Prepare
Registering precompiled user dll's ...
Registered in 0.001719 seconds.
Begin MonoManager ReloadAssembly
Symbol file LoadedFromMemory is not a mono symbol file
Native extension for WindowsStandalone target not found
Refreshing native plugins compatible for Editor in 0.34 ms, found 2 plugins.
Preloading 0 native plugins for Editor in 0.00 ms.
Mono: successfully reloaded assembly
- Completed reload, in  0.763 seconds
Domain Reload Profiling:
	ReloadAssembly (764ms)
		BeginReloadAssembly (109ms)
			ExecutionOrderSort (0ms)
			DisableScriptedObjects (5ms)
			BackupInstance (0ms)
			ReleaseScriptingObjects (0ms)
			CreateAndSetChildDomain (24ms)
		EndReloadAssembly (559ms)
			LoadAssemblies (70ms)
			RebuildTransferFunctionScriptingTraits (0ms)
			SetupTypeCache (155ms)
			ReleaseScriptCaches (1ms)
			RebuildScriptCaches (35ms)
			SetupLoadedEditorAssemblies (262ms)
				LogAssemblyErrors (0ms)
				InitializePlatformSupportModulesInManaged (11ms)
				SetLoadedEditorAssemblies (0ms)
				RefreshPlugins (0ms)
				BeforeProcessingInitializeOnLoad (42ms)
				ProcessInitializeOnLoadAttributes (177ms)
				ProcessInitializeOnLoadMethodAttributes (24ms)
				AfterProcessingInitializeOnLoad (7ms)
				EditorAssembliesLoaded (0ms)
			ExecutionOrderSort2 (0ms)
			AwakeInstancesAfterBackupRestoration (5ms)
Platform modules already initialized, skipping
Refreshing native plugins compatible for Editor in 0.94 ms, found 2 plugins.
Preloading 0 native plugins for Editor in 0.00 ms.
Unloading 1682 Unused Serialized files (Serialized files now loaded: 0)
Unloading 9 unused Assets / (24.7 KB). Loaded Objects now: 2253.
Memory consumption went from 94.7 MB to 94.7 MB.
Total: 2.163300 ms (FindLiveObjects: 0.146400 ms CreateObjectMapping: 0.068000 ms MarkObjects: 1.933800 ms  DeleteObjects: 0.013800 ms)

AssetImportParameters requested are different than current active one (requested -> active):
  custom:video-decoder-ogg-theora: a1e56fd34408186e4bbccfd4996cb3dc -> 
  custom:container-muxer-webm: aa71ff27fc2769a1b78a27578f13a17b -> 
  custom:container-demuxer-webm: 4f35f7cbe854078d1ac9338744f61a02 -> 
  custom:video-encoder-webm-vp8: eb34c28f22e8b96e1ab97ce403110664 -> 
  custom:audio-encoder-webm-vorbis: bf7c407c2cedff20999df2af8eb42d56 -> 
  custom:framework-win-MediaFoundation: 216162199b28c13a410421893ffa2e32 -> 
  custom:container-demuxer-ogg: 62fdf1f143b41e24485cea50d1cbac27 -> 
  custom:video-decoder-webm-vp8: 9c59270c3fd7afecdb556c50c9e8de78 -> 
  custom:audio-decoder-ogg-vorbis: bf7c407c2cedff20999df2af8eb42d56 -> 
========================================================================
Received Import Request.
  Time since last request: 1029.050612 seconds.
  path: Assets/AllSkyFree/_AllSkyFreeDemoEnvironment/AllSky_DemoEnvironment_Light.fbx
  artifactKey: Guid(d9ad0f74d68824711bc800186cf63d22) Importer(815301076,1909f56bfc062723c751e8b465ee728b)
Start importing Assets/AllSkyFree/_AllSkyFreeDemoEnvironment/AllSky_DemoEnvironment_Light.fbx using Guid(d9ad0f74d68824711bc800186cf63d22) Importer(815301076,1909f56bfc062723c751e8b465ee728b)  -> (artifact id: '52524a07235be438b4be2d7146054bb9') in 0.118952 seconds 
========================================================================
Received Import Request.
  Time since last request: 0.000078 seconds.
  path: Assets/FBX/Animals/Chicken.fbx
  artifactKey: Guid(9923ae42a16b1324d984906d8eada0de) Importer(815301076,1909f56bfc062723c751e8b465ee728b)
Start importing Assets/FBX/Animals/Chicken.fbx using Guid(9923ae42a16b1324d984906d8eada0de) Importer(815301076,1909f56bfc062723c751e8b465ee728b)  -> (artifact id: '7e832732aaf200ac80be0a649d498c3c') in 0.054239 seconds 
========================================================================
Received Import Request.
  Time since last request: 0.000031 seconds.
  path: Assets/FBX/Rig_Personaje_Completo.fbx
  artifactKey: Guid(4207d105cfa29224f87e171c6090c366) Importer(815301076,1909f56bfc062723c751e8b465ee728b)
Start importing Assets/FBX/Rig_Personaje_Completo.fbx using Guid(4207d105cfa29224f87e171c6090c366) Importer(815301076,1909f56bfc062723c751e8b465ee728b)  -> (artifact id: 'aa4cd38460b2bca135a081bc66f1328e') in 0.299020 seconds 
========================================================================
Received Import Request.
  Time since last request: 7.854461 seconds.
  path: Assets/Animation/Animation Weapons/Anim.fbx
  artifactKey: Guid(e7ac4acc9c94a3e41b3f144d5825d522) Importer(815301076,1909f56bfc062723c751e8b465ee728b)
Start importing Assets/Animation/Animation Weapons/Anim.fbx using Guid(e7ac4acc9c94a3e41b3f144d5825d522) Importer(815301076,1909f56bfc062723c751e8b465ee728b)  -> (artifact id: 'abcf6aa3f5478b217bf78cea70dbe85c') in 0.326032 seconds 
========================================================================
Received Prepare
Registering precompiled user dll's ...
Registered in 0.001561 seconds.
Begin MonoManager ReloadAssembly
Symbol file LoadedFromMemory is not a mono symbol file
Native extension for WindowsStandalone target not found
Refreshing native plugins compatible for Editor in 0.54 ms, found 2 plugins.
Preloading 0 native plugins for Editor in 0.00 ms.
Mono: successfully reloaded assembly
- Completed reload, in  0.769 seconds
Domain Reload Profiling:
	ReloadAssembly (769ms)
		BeginReloadAssembly (108ms)
			ExecutionOrderSort (0ms)
			DisableScriptedObjects (4ms)
			BackupInstance (0ms)
			ReleaseScriptingObjects (0ms)
			CreateAndSetChildDomain (27ms)
		EndReloadAssembly (571ms)
			LoadAssemblies (72ms)
			RebuildTransferFunctionScriptingTraits (0ms)
			SetupTypeCache (141ms)
			ReleaseScriptCaches (1ms)
			RebuildScriptCaches (37ms)
			SetupLoadedEditorAssemblies (286ms)
				LogAssemblyErrors (0ms)
				InitializePlatformSupportModulesInManaged (13ms)
				SetLoadedEditorAssemblies (1ms)
				RefreshPlugins (1ms)
				BeforeProcessingInitializeOnLoad (53ms)
				ProcessInitializeOnLoadAttributes (186ms)
				ProcessInitializeOnLoadMethodAttributes (23ms)
				AfterProcessingInitializeOnLoad (9ms)
				EditorAssembliesLoaded (0ms)
			ExecutionOrderSort2 (0ms)
			AwakeInstancesAfterBackupRestoration (5ms)
Platform modules already initialized, skipping
Refreshing native plugins compatible for Editor in 0.88 ms, found 2 plugins.
Preloading 0 native plugins for Editor in 0.00 ms.
Unloading 1682 Unused Serialized files (Serialized files now loaded: 0)
Unloading 9 unused Assets / (24.6 KB). Loaded Objects now: 2257.
Memory consumption went from 95.6 MB to 95.6 MB.
Total: 2.155800 ms (FindLiveObjects: 0.154700 ms CreateObjectMapping: 0.055800 ms MarkObjects: 1.932300 ms  DeleteObjects: 0.011300 ms)

AssetImportParameters requested are different than current active one (requested -> active):
  custom:video-decoder-ogg-theora: a1e56fd34408186e4bbccfd4996cb3dc -> 
  custom:container-muxer-webm: aa71ff27fc2769a1b78a27578f13a17b -> 
  custom:container-demuxer-webm: 4f35f7cbe854078d1ac9338744f61a02 -> 
  custom:video-encoder-webm-vp8: eb34c28f22e8b96e1ab97ce403110664 -> 
  custom:audio-encoder-webm-vorbis: bf7c407c2cedff20999df2af8eb42d56 -> 
  custom:framework-win-MediaFoundation: 216162199b28c13a410421893ffa2e32 -> 
  custom:container-demuxer-ogg: 62fdf1f143b41e24485cea50d1cbac27 -> 
  custom:video-decoder-webm-vp8: 9c59270c3fd7afecdb556c50c9e8de78 -> 
  custom:audio-decoder-ogg-vorbis: bf7c407c2cedff20999df2af8eb42d56 -> 
========================================================================
Received Prepare
Registering precompiled user dll's ...
Registered in 0.001832 seconds.
Begin MonoManager ReloadAssembly
Symbol file LoadedFromMemory is not a mono symbol file
Native extension for WindowsStandalone target not found
Refreshing native plugins compatible for Editor in 0.66 ms, found 2 plugins.
Preloading 0 native plugins for Editor in 0.00 ms.
Mono: successfully reloaded assembly
- Completed reload, in  0.762 seconds
Domain Reload Profiling:
	ReloadAssembly (762ms)
		BeginReloadAssembly (111ms)
			ExecutionOrderSort (0ms)
			DisableScriptedObjects (6ms)
			BackupInstance (0ms)
			ReleaseScriptingObjects (0ms)
			CreateAndSetChildDomain (27ms)
		EndReloadAssembly (561ms)
			LoadAssemblies (70ms)
			RebuildTransferFunctionScriptingTraits (0ms)
			SetupTypeCache (154ms)
			ReleaseScriptCaches (1ms)
			RebuildScriptCaches (36ms)
			SetupLoadedEditorAssemblies (271ms)
				LogAssemblyErrors (0ms)
				InitializePlatformSupportModulesInManaged (14ms)
				SetLoadedEditorAssemblies (1ms)
				RefreshPlugins (1ms)
				BeforeProcessingInitializeOnLoad (54ms)
				ProcessInitializeOnLoadAttributes (169ms)
				ProcessInitializeOnLoadMethodAttributes (26ms)
				AfterProcessingInitializeOnLoad (6ms)
				EditorAssembliesLoaded (0ms)
			ExecutionOrderSort2 (0ms)
			AwakeInstancesAfterBackupRestoration (5ms)
Platform modules already initialized, skipping
Refreshing native plugins compatible for Editor in 1.15 ms, found 2 plugins.
Preloading 0 native plugins for Editor in 0.00 ms.
Unloading 1682 Unused Serialized files (Serialized files now loaded: 0)
Unloading 9 unused Assets / (24.6 KB). Loaded Objects now: 2260.
Memory consumption went from 95.6 MB to 95.6 MB.
Total: 2.489800 ms (FindLiveObjects: 0.153600 ms CreateObjectMapping: 0.063600 ms MarkObjects: 2.254700 ms  DeleteObjects: 0.016400 ms)

AssetImportParameters requested are different than current active one (requested -> active):
  custom:video-decoder-ogg-theora: a1e56fd34408186e4bbccfd4996cb3dc -> 
  custom:container-muxer-webm: aa71ff27fc2769a1b78a27578f13a17b -> 
  custom:container-demuxer-webm: 4f35f7cbe854078d1ac9338744f61a02 -> 
  custom:video-encoder-webm-vp8: eb34c28f22e8b96e1ab97ce403110664 -> 
  custom:audio-encoder-webm-vorbis: bf7c407c2cedff20999df2af8eb42d56 -> 
  custom:framework-win-MediaFoundation: 216162199b28c13a410421893ffa2e32 -> 
  custom:container-demuxer-ogg: 62fdf1f143b41e24485cea50d1cbac27 -> 
  custom:video-decoder-webm-vp8: 9c59270c3fd7afecdb556c50c9e8de78 -> 
  custom:audio-decoder-ogg-vorbis: bf7c407c2cedff20999df2af8eb42d56 -> 
