Using pre-set license
Built from '2021.3/staging' branch; Version is '2021.3.0f1 (6eacc8284459) revision 7253192'; Using compiler version '192829333'; Build Type 'Release'
OS: 'Windows 10  (10.0.19044) 64bit Professional' Language: 'es' Physical Memory: 16332 MB
BatchMode: 1, IsHumanControllingUs: 0, StartBugReporterOnCrash: 0, Is64bit: 1, IsPro: 1

COMMAND LINE ARGUMENTS:
C:\Program Files\Unity\Hub\Editor\2021.3.0f1\Editor\Unity.exe
-adb2
-batchMode
-noUpm
-name
AssetImportWorker5
-projectPath
C:/Users/javi8/OneDrive/Documentos/GitHub/Survival
-logFile
Logs/AssetImportWorker5.log
-srvPort
59599
Successfully changed project path to: C:/Users/javi8/OneDrive/Documentos/GitHub/Survival
C:/Users/javi8/OneDrive/Documentos/GitHub/Survival
[UnityMemory] Configuration Parameters - Can be set up in boot.config
    "memorysetup-bucket-allocator-granularity=16"
    "memorysetup-bucket-allocator-bucket-count=8"
    "memorysetup-bucket-allocator-block-size=33554432"
    "memorysetup-bucket-allocator-block-count=8"
    "memorysetup-main-allocator-block-size=16777216"
    "memorysetup-thread-allocator-block-size=16777216"
    "memorysetup-gfx-main-allocator-block-size=16777216"
    "memorysetup-gfx-thread-allocator-block-size=16777216"
    "memorysetup-cache-allocator-block-size=4194304"
    "memorysetup-typetree-allocator-block-size=2097152"
    "memorysetup-profiler-bucket-allocator-granularity=16"
    "memorysetup-profiler-bucket-allocator-bucket-count=8"
    "memorysetup-profiler-bucket-allocator-block-size=33554432"
    "memorysetup-profiler-bucket-allocator-block-count=8"
    "memorysetup-profiler-allocator-block-size=16777216"
    "memorysetup-profiler-editor-allocator-block-size=1048576"
    "memorysetup-temp-allocator-size-main=16777216"
    "memorysetup-job-temp-allocator-block-size=2097152"
    "memorysetup-job-temp-allocator-block-size-background=1048576"
    "memorysetup-job-temp-allocator-reduction-small-platforms=262144"
    "memorysetup-temp-allocator-size-background-worker=32768"
    "memorysetup-temp-allocator-size-job-worker=262144"
    "memorysetup-temp-allocator-size-preload-manager=33554432"
    "memorysetup-temp-allocator-size-nav-mesh-worker=65536"
    "memorysetup-temp-allocator-size-audio-worker=65536"
    "memorysetup-temp-allocator-size-cloud-worker=32768"
    "memorysetup-temp-allocator-size-gi-baking-worker=262144"
    "memorysetup-temp-allocator-size-gfx=262144"
Refreshing native plugins compatible for Editor in 34.30 ms, found 2 plugins.
Preloading 0 native plugins for Editor in 0.00 ms.
Initialize engine version: 2021.3.0f1 (6eacc8284459)
[Subsystems] Discovering subsystems at path C:/Program Files/Unity/Hub/Editor/2021.3.0f1/Editor/Data/Resources/UnitySubsystems
[Subsystems] Discovering subsystems at path C:/Users/javi8/OneDrive/Documentos/GitHub/Survival/Assets
GfxDevice: creating device client; threaded=0; jobified=0
Direct3D:
    Version:  Direct3D 11.0 [level 11.1]
    Renderer: NVIDIA GeForce GTX 1080 Ti (ID=0x1b06)
    Vendor:   NVIDIA
    VRAM:     11127 MB
    Driver:   30.0.15.1215
Initialize mono
Mono path[0] = 'C:/Program Files/Unity/Hub/Editor/2021.3.0f1/Editor/Data/Managed'
Mono path[1] = 'C:/Program Files/Unity/Hub/Editor/2021.3.0f1/Editor/Data/MonoBleedingEdge/lib/mono/unityjit-win32'
Mono config path = 'C:/Program Files/Unity/Hub/Editor/2021.3.0f1/Editor/Data/MonoBleedingEdge/etc'
Using monoOptions --debugger-agent=transport=dt_socket,embedding=1,server=y,suspend=n,address=127.0.0.1:56960
Begin MonoManager ReloadAssembly
Registering precompiled unity dll's ...
Register platform support module: C:/Program Files/Unity/Hub/Editor/2021.3.0f1/Editor/Data/PlaybackEngines/WindowsStandaloneSupport/UnityEditor.WindowsStandalone.Extensions.dll
Registered in 0.009219 seconds.
Native extension for WindowsStandalone target not found
Refreshing native plugins compatible for Editor in 34.09 ms, found 2 plugins.
Preloading 0 native plugins for Editor in 0.00 ms.
Mono: successfully reloaded assembly
- Completed reload, in  0.661 seconds
Domain Reload Profiling:
	ReloadAssembly (661ms)
		BeginReloadAssembly (84ms)
			ExecutionOrderSort (0ms)
			DisableScriptedObjects (0ms)
			BackupInstance (0ms)
			ReleaseScriptingObjects (0ms)
			CreateAndSetChildDomain (1ms)
		EndReloadAssembly (449ms)
			LoadAssemblies (81ms)
			RebuildTransferFunctionScriptingTraits (0ms)
			SetupTypeCache (107ms)
			ReleaseScriptCaches (0ms)
			RebuildScriptCaches (33ms)
			SetupLoadedEditorAssemblies (251ms)
				LogAssemblyErrors (0ms)
				InitializePlatformSupportModulesInManaged (10ms)
				SetLoadedEditorAssemblies (0ms)
				RefreshPlugins (34ms)
				BeforeProcessingInitializeOnLoad (2ms)
				ProcessInitializeOnLoadAttributes (154ms)
				ProcessInitializeOnLoadMethodAttributes (51ms)
				AfterProcessingInitializeOnLoad (0ms)
				EditorAssembliesLoaded (0ms)
			ExecutionOrderSort2 (0ms)
			AwakeInstancesAfterBackupRestoration (0ms)
Platform modules already initialized, skipping
Registering precompiled user dll's ...
Registered in 0.003370 seconds.
Begin MonoManager ReloadAssembly
Symbol file LoadedFromMemory is not a mono symbol file
Native extension for WindowsStandalone target not found
Refreshing native plugins compatible for Editor in 0.33 ms, found 2 plugins.
Preloading 0 native plugins for Editor in 0.00 ms.
Mono: successfully reloaded assembly
- Completed reload, in  0.927 seconds
Domain Reload Profiling:
	ReloadAssembly (928ms)
		BeginReloadAssembly (121ms)
			ExecutionOrderSort (0ms)
			DisableScriptedObjects (7ms)
			BackupInstance (0ms)
			ReleaseScriptingObjects (0ms)
			CreateAndSetChildDomain (18ms)
		EndReloadAssembly (682ms)
			LoadAssemblies (88ms)
			RebuildTransferFunctionScriptingTraits (0ms)
			SetupTypeCache (170ms)
			ReleaseScriptCaches (0ms)
			RebuildScriptCaches (52ms)
			SetupLoadedEditorAssemblies (336ms)
				LogAssemblyErrors (0ms)
				InitializePlatformSupportModulesInManaged (7ms)
				SetLoadedEditorAssemblies (1ms)
				RefreshPlugins (0ms)
				BeforeProcessingInitializeOnLoad (62ms)
				ProcessInitializeOnLoadAttributes (227ms)
				ProcessInitializeOnLoadMethodAttributes (27ms)
				AfterProcessingInitializeOnLoad (11ms)
				EditorAssembliesLoaded (0ms)
			ExecutionOrderSort2 (0ms)
			AwakeInstancesAfterBackupRestoration (6ms)
Platform modules already initialized, skipping
========================================================================
Worker process is ready to serve import requests
Launched and connected shader compiler UnityShaderCompiler.exe after 0.05 seconds
Refreshing native plugins compatible for Editor in 0.32 ms, found 2 plugins.
Preloading 0 native plugins for Editor in 0.00 ms.
Unloading 1685 Unused Serialized files (Serialized files now loaded: 0)
Unloading 16 unused Assets / (57.0 KB). Loaded Objects now: 2155.
Memory consumption went from 76.8 MB to 76.7 MB.
Total: 2.734000 ms (FindLiveObjects: 0.168600 ms CreateObjectMapping: 0.038900 ms MarkObjects: 2.441600 ms  DeleteObjects: 0.083500 ms)

AssetImportParameters requested are different than current active one (requested -> active):
  custom:video-decoder-ogg-theora: a1e56fd34408186e4bbccfd4996cb3dc -> 
  custom:container-muxer-webm: aa71ff27fc2769a1b78a27578f13a17b -> 
  custom:container-demuxer-webm: 4f35f7cbe854078d1ac9338744f61a02 -> 
  custom:video-encoder-webm-vp8: eb34c28f22e8b96e1ab97ce403110664 -> 
  custom:audio-encoder-webm-vorbis: bf7c407c2cedff20999df2af8eb42d56 -> 
  custom:framework-win-MediaFoundation: 216162199b28c13a410421893ffa2e32 -> 
  custom:container-demuxer-ogg: 62fdf1f143b41e24485cea50d1cbac27 -> 
  custom:video-decoder-webm-vp8: 9c59270c3fd7afecdb556c50c9e8de78 -> 
  custom:audio-decoder-ogg-vorbis: bf7c407c2cedff20999df2af8eb42d56 -> 
========================================================================
Received Import Request.
  Time since last request: 159911.482754 seconds.
  path: Assets/FBX/Tree.fbx
  artifactKey: Guid(58f3216444b5aeb4bb222da3d03382ec) Importer(815301076,1909f56bfc062723c751e8b465ee728b)
Start importing Assets/FBX/Tree.fbx using Guid(58f3216444b5aeb4bb222da3d03382ec) Importer(815301076,1909f56bfc062723c751e8b465ee728b)  -> (artifact id: '9c44dae17529bc8f9fb97e0f0183e88f') in 0.176105 seconds 
========================================================================
Received Import Request.
  Time since last request: 0.552488 seconds.
  path: Assets/FBX/Tree03.fbx
  artifactKey: Guid(54c765fdd18699e439365daf1ee53fd4) Importer(815301076,1909f56bfc062723c751e8b465ee728b)
Start importing Assets/FBX/Tree03.fbx using Guid(54c765fdd18699e439365daf1ee53fd4) Importer(815301076,1909f56bfc062723c751e8b465ee728b)  -> (artifact id: '1df7eb42c39a424cc84ed099028b636a') in 0.039980 seconds 
========================================================================
Received Import Request.
  Time since last request: 0.035562 seconds.
  path: Assets/FBX/wood box broken.fbx
  artifactKey: Guid(5510cb25e144b414398d0e3d68f4bc9f) Importer(815301076,1909f56bfc062723c751e8b465ee728b)
Start importing Assets/FBX/wood box broken.fbx using Guid(5510cb25e144b414398d0e3d68f4bc9f) Importer(815301076,1909f56bfc062723c751e8b465ee728b)  -> (artifact id: '241548ffe9b1dc4748556158ccd50bde') in 0.074061 seconds 
========================================================================
Received Import Request.
  Time since last request: 159.428838 seconds.
  path: Assets/ScriptableObject/Loot/Enemy.asset
  artifactKey: Guid(ea4617770d968e342bbc1ca4f7190fc0) Importer(815301076,1909f56bfc062723c751e8b465ee728b)
Start importing Assets/ScriptableObject/Loot/Enemy.asset using Guid(ea4617770d968e342bbc1ca4f7190fc0) Importer(815301076,1909f56bfc062723c751e8b465ee728b)  -> (artifact id: 'f6ce5a2b391fbe7d6505cb41a099b403') in 0.016244 seconds 
========================================================================
Received Import Request.
  Time since last request: 0.000019 seconds.
  path: Assets/ScriptableObject/Loot/Node Iron.asset
  artifactKey: Guid(b0a77c2b2edfbdf4fb2dabab51f55f8a) Importer(815301076,1909f56bfc062723c751e8b465ee728b)
Start importing Assets/ScriptableObject/Loot/Node Iron.asset using Guid(b0a77c2b2edfbdf4fb2dabab51f55f8a) Importer(815301076,1909f56bfc062723c751e8b465ee728b)  -> (artifact id: 'fa4d66417b3bde485331f000b38fdf3c') in 0.009621 seconds 
========================================================================
Received Import Request.
  Time since last request: 0.000021 seconds.
  path: Assets/ScriptableObject/Loot/Tree.asset
  artifactKey: Guid(0e320bf5988d82240a0ac644e0cfe12f) Importer(815301076,1909f56bfc062723c751e8b465ee728b)
Start importing Assets/ScriptableObject/Loot/Tree.asset using Guid(0e320bf5988d82240a0ac644e0cfe12f) Importer(815301076,1909f56bfc062723c751e8b465ee728b)  -> (artifact id: '7ab5eac8411d1c8b7b762c0f4f541e1a') in 0.004712 seconds 
========================================================================
Received Import Request.
  Time since last request: 0.000022 seconds.
  path: Assets/ScriptableObject/Loot/Node Stone.asset
  artifactKey: Guid(f02e9dc0e85d378468f6383aa3fee91b) Importer(815301076,1909f56bfc062723c751e8b465ee728b)
Start importing Assets/ScriptableObject/Loot/Node Stone.asset using Guid(f02e9dc0e85d378468f6383aa3fee91b) Importer(815301076,1909f56bfc062723c751e8b465ee728b)  -> (artifact id: '4f26bc31b1614166250bcc577d70a9b0') in 0.004435 seconds 
========================================================================
Received Import Request.
  Time since last request: 20.581763 seconds.
  path: Assets/Prefabs/SystemParticles/Particles Box.prefab
  artifactKey: Guid(6f67dfa421c3d874babc94325eed8e11) Importer(815301076,1909f56bfc062723c751e8b465ee728b)
Start importing Assets/Prefabs/SystemParticles/Particles Box.prefab using Guid(6f67dfa421c3d874babc94325eed8e11) Importer(815301076,1909f56bfc062723c751e8b465ee728b)  -> (artifact id: '5e2144e70ec9d6c66d8b86f230893692') in 0.027164 seconds 
========================================================================
Received Import Request.
  Time since last request: 0.000018 seconds.
  path: Assets/Prefabs/SystemParticles/Particles Wood Gather.prefab
  artifactKey: Guid(3bac236df9361194a89b53ae307e4a8f) Importer(815301076,1909f56bfc062723c751e8b465ee728b)
Start importing Assets/Prefabs/SystemParticles/Particles Wood Gather.prefab using Guid(3bac236df9361194a89b53ae307e4a8f) Importer(815301076,1909f56bfc062723c751e8b465ee728b)  -> (artifact id: '9ba19504fedb947d82adca696f4ee942') in 0.018562 seconds 
========================================================================
Received Import Request.
  Time since last request: 0.000020 seconds.
  path: Assets/Prefabs/SystemParticles/Particles Stone Destroy.prefab
  artifactKey: Guid(51b7e823fa205a143b31d00d2737d2fa) Importer(815301076,1909f56bfc062723c751e8b465ee728b)
Start importing Assets/Prefabs/SystemParticles/Particles Stone Destroy.prefab using Guid(51b7e823fa205a143b31d00d2737d2fa) Importer(815301076,1909f56bfc062723c751e8b465ee728b)  -> (artifact id: 'ac25a67438f864edcc71cb7c0349e04d') in 0.019866 seconds 
Editor requested this worker to shutdown with reason: Scaling down because of idle timeout
AssetImportWorker is now disconnected from the server
Process exiting
Exiting without the bug reporter. Application will terminate with return code 0