
=== Sat Apr 16 14:59:53 2022

Packages were changed.
Update Mode: updateDependencies

The following packages were updated:
  com.unity.collab-proxy from version 1.15.7 to 1.15.15
  com.unity.ide.rider from version 3.0.9 to 3.0.13
  com.unity.ide.visualstudio from version 2.0.12 to 2.0.14
  com.unity.ide.vscode from version 1.2.4 to 1.2.5
  com.unity.test-framework from version 1.1.29 to 1.1.31
  com.unity.timeline from version 1.6.3 to 1.6.4

=== Tue Jul 26 18:41:39 2022

Packages were changed.
Update Mode: mergeDefaultDependencies

The following packages were added:
  com.unity.shadergraph@12.1.0
  com.unity.visualscripting@1.7.2

=== Sun Jan  1 16:28:07 2023

Packages were changed.
Update Mode: updateDependencies

The following packages were added:
  com.unity.ai.navigation@1.1.1
The following packages were updated:
  com.unity.collab-proxy from version 1.15.15 to 1.17.7
  com.unity.ide.rider from version 3.0.13 to 3.0.16
  com.unity.ide.visualstudio from version 2.0.14 to 2.0.16
  com.unity.polybrush from version 1.1.2 to 1.1.3
  com.unity.shadergraph from version 12.1.0 to 14.0.4
  com.unity.test-framework from version 1.1.31 to 1.1.33
  com.unity.timeline from version 1.6.4 to 1.7.2
  com.unity.visualscripting from version 1.7.2 to 1.7.8
